

<!DOCTYPE html>
<html>
<head>
<meta charset="UTF-8">
<meta name="viewport" content="width=device-width, initial-scale=1, shrink-to-fit=no">
<title></title>
<link rel="apple-touch-icon" href="https://cdn.jsdelivr.net/gh/extent-framework/extent-github-cdn@b00a2d0486596e73dd7326beacf352c639623a0e/commons/img/logo.png">
<link rel="shortcut icon" href="https://cdn.jsdelivr.net/gh/extent-framework/extent-github-cdn@b00a2d0486596e73dd7326beacf352c639623a0e/commons/img/logo.png">
<link href="https://cdn.jsdelivr.net/gh/extent-framework/extent-github-cdn@d6562a79075e061305ccfdb82f01e5e195e2d307/spark/css/spark-style.css" rel="stylesheet" />
<link href="https://stackpath.bootstrapcdn.com/font-awesome/4.7.0/css/font-awesome.min.css" rel="stylesheet">
<script src="https://cdn.jsdelivr.net/gh/extent-framework/extent-github-cdn@7cc78ce/spark/js/jsontree.js"></script>
<style type="text/css"></style></head><body class="spa -report standard">
  <div class="app">
    <div class="layout">
<div class="header navbar">
<div class="vheader">
<div class="nav-logo">
<a href="#">
<div class="logo" style="background-image: url('https://cdn.jsdelivr.net/gh/extent-framework/extent-github-cdn@b00a2d0486596e73dd7326beacf352c639623a0e/commons/img/logo.png')"></div>
</a>
</div>
<ul class="nav-left">
<li class="search-box">
<a class="search-toggle" href="#">
<i class="search-icon fa fa-search"></i>
<i class="search-icon-close fa fa-close"></i>
</a>
</li>
<li class="search-input"><input id="search-tests" class="form-control" type="text" placeholder="Search..."></li>
</ul>
<ul class="nav-right">
<li class="m-r-10">
<a href="#"><span class="badge badge-primary"></span></a>
</li>
<li class="m-r-10">
<a href="#"><span class="badge badge-primary">Jan 5, 2024 07:16:56 pm</span></a>
</li>
</ul>
</div>
</div><div class="side-nav">
<div class="side-nav-inner">
<ul class="side-nav-menu">
<li class="nav-item dropdown" onclick="toggleView('test-view')">
<a id="nav-test" class="dropdown-toggle" href="#">
<span class="ico"><i class="fa fa-list"></i></span>
</a>
</li>
<li class="nav-item dropdown" onclick="toggleView('category-view')">
<a id="nav-category" class="dropdown-toggle" href="#">
<span class="ico"><i class="fa fa-tag"></i></span>
</a>
</li>
<li class="nav-item dropdown" onclick="toggleView('dashboard-view')">
<a id="nav-dashboard" class="dropdown-toggle" href="#">
<span class="ico"><i class="fa fa-bar-chart"></i></span>
</a>
</li>
</ul>
</div>
</div>      <div class="vcontainer">
        <div class="main-content">
<div class="test-wrapper row view test-view">
  <div class="test-list">
    <div class="test-list-tools">
<ul class="tools pull-left">
<li><a href="#"><span class="font-size-14">Tests</span></a></li>
</ul>
<ul class="tools text-right">
<li class="dropdown">
<a href="#" class="dropdown-toggle" data-toggle="dropdown"><i class="fa fa-exclamation-circle"></i></a>
<ul id="status-toggle" class="dropdown-menu dropdown-md p-v-0">
<a class="dropdown-item" status="pass" href="#"><span>Pass</span><span class="status success"></span></a>
<a class="dropdown-item" status="fail" href="#"><span>Fail</span><span class="status danger"></span></a>
<div class="dropdown-divider"></div>
<a status="clear" class="dropdown-item" href="#"><span>Clear</span><span class="pull-right"><i class="fa fa-close"></i></span></a>
</ul>
</li>
<li class="dropdown">
<a href="#" class="dropdown-toggle" data-toggle="dropdown"><i class="fa fa-tag"></i></a>
<ul id="tag-toggle" class="dropdown-menu dropdown-md p-v-0">
<a class="dropdown-item" href="#">HouseHoldIncomeVerification</a>
</ul>
</li>
</ul>
</div>    <div class="test-list-wrapper scrollable">
      <ul class="test-list-item">
        <li class="test-item"  status="pass" test-id="1"
          author=""
          tag="HouseHoldIncomeVerification"
          device="">
          <div class="test-detail">
            <p class="name">chrome-HouseHoldIncomeVerification-getInputExcelSheetData</p>
            <p class="text-sm">
              <span>7:16:56 pm</span> / <span>00:00:00:529</span>
              <span class="badge pass-bg log float-right">Pass</span>
            </p>
          </div>
          <div class="test-contents d-none">
<div class="detail-head">
<div class="p-v-10">
<div class="info">
<h5 class="test-status text-pass">chrome-HouseHoldIncomeVerification-getInputExcelSheetData</h5>
<span class='badge badge-success'>01.05.2024 7:16:56 pm</span>
<span class='badge badge-danger'>01.05.2024 7:16:56 pm</span>
<span class='badge badge-default'>00:00:00:529</span>
&middot; <span class='uri-anchor badge badge-default'>#test-id=1</span>
<span class='badge badge-default pointer float-right ml-1 et'><i class="fa fa-chevron-down"></i></span>
<span class='badge badge-default pointer float-right ct'><i class="fa fa-chevron-up"></i></span>
</div>
<div class="m-t-15"><span class="badge badge-pill badge-default">HouseHoldIncomeVerification</span></div>
<div class="m-t-10 m-l-5">The Extent Report for:HouseHoldIncomeVerification</div>
</div>
</div><div class="detail-body mt-4">
<table class="table table-sm">
  <thead><tr><th class="status-col">Status</th><th class="timestamp-col">Timestamp</th><th class="details-col">Details</th></tr></thead>
  <tbody>
      <tr class="event-row">
        <td><span class="badge log info-bg">Info</span></td>
        <td>7:16:56 pm</td>
        <td>
          Test Started!
        </td>
      </tr>
      <tr class="event-row">
        <td><span class="badge log info-bg">Info</span></td>
        <td>7:16:56 pm</td>
        <td>
          GET WebDriver instance
        </td>
      </tr>
      <tr class="event-row">
        <td><span class="badge log info-bg">Info</span></td>
        <td>7:16:56 pm</td>
        <td>
          GET WebDriver instance
        </td>
      </tr>
      <tr class="event-row">
        <td><span class="badge log pass-bg">Pass</span></td>
        <td>7:16:56 pm</td>
        <td>
          Read test data sheet datasheet_HouseHoldIncomeVerification.xlsx
        </td>
      </tr>
      <tr class="event-row">
        <td><span class="badge log pass-bg">Pass</span></td>
        <td>7:16:56 pm</td>
        <td>
          Get row count from excel sheet.
        </td>
      </tr>
      <tr class="event-row">
        <td><span class="badge log pass-bg">Pass</span></td>
        <td>7:16:56 pm</td>
        <td>
          Get data from excel sheet.
        </td>
      </tr>
      <tr class="event-row">
        <td><span class="badge log pass-bg">Pass</span></td>
        <td>7:16:56 pm</td>
        <td>
          Get row count from excel sheet.
        </td>
      </tr>
      <tr class="event-row">
        <td><span class="badge log pass-bg">Pass</span></td>
        <td>7:16:56 pm</td>
        <td>
          Get data from excel sheet.
        </td>
      </tr>
      <tr class="event-row">
        <td><span class="badge log pass-bg">Pass</span></td>
        <td>7:16:56 pm</td>
        <td>
          Get row count from excel sheet.
        </td>
      </tr>
  </tbody>
</table>
</div>
          </div>
        </li>
        <li class="test-item"  status="pass" test-id="2"
          author=""
          tag="HouseHoldIncomeVerification"
          device="">
          <div class="test-detail">
            <p class="name">chrome-HouseHoldIncomeVerification-loginToEnvironment</p>
            <p class="text-sm">
              <span>7:16:56 pm</span> / <span>00:00:32:361</span>
              <span class="badge pass-bg log float-right">Pass</span>
            </p>
          </div>
          <div class="test-contents d-none">
<div class="detail-head">
<div class="p-v-10">
<div class="info">
<h5 class="test-status text-pass">chrome-HouseHoldIncomeVerification-loginToEnvironment</h5>
<span class='badge badge-success'>01.05.2024 7:16:56 pm</span>
<span class='badge badge-danger'>01.05.2024 7:17:29 pm</span>
<span class='badge badge-default'>00:00:32:361</span>
&middot; <span class='uri-anchor badge badge-default'>#test-id=2</span>
<span class='badge badge-default pointer float-right ml-1 et'><i class="fa fa-chevron-down"></i></span>
<span class='badge badge-default pointer float-right ct'><i class="fa fa-chevron-up"></i></span>
</div>
<div class="m-t-15"><span class="badge badge-pill badge-default">HouseHoldIncomeVerification</span></div>
<div class="m-t-10 m-l-5">The Extent Report for:HouseHoldIncomeVerification</div>
</div>
</div><div class="detail-body mt-4">
<table class="table table-sm">
  <thead><tr><th class="status-col">Status</th><th class="timestamp-col">Timestamp</th><th class="details-col">Details</th></tr></thead>
  <tbody>
      <tr class="event-row">
        <td><span class="badge log info-bg">Info</span></td>
        <td>7:16:56 pm</td>
        <td>
          Test Started!
        </td>
      </tr>
      <tr class="event-row">
        <td><span class="badge log info-bg">Info</span></td>
        <td>7:16:56 pm</td>
        <td>
          GET WebDriver instance
        </td>
      </tr>
      <tr class="event-row">
        <td><span class="badge log info-bg">Info</span></td>
        <td>7:16:58 pm</td>
        <td>
          Page navigates to https://uat-rituxan-core.gene.com/
        </td>
      </tr>
      <tr class="event-row">
        <td><span class="badge log pass-bg">Pass</span></td>
        <td>7:17:01 pm</td>
        <td>
          Send khergadv to Decorated {[[ChromeDriver: chrome on windows (ba1aae64bf8f70bf336d5ef9c412ab56)] -> id: identifierInput]}
        </td>
      </tr>
      <tr class="event-row">
        <td><span class="badge log pass-bg">Pass</span></td>
        <td>7:17:13 pm</td>
        <td>
          Click Proxy element for: DefaultElementLocator 'By.id: submitBtn'
        </td>
      </tr>
      <tr class="event-row">
        <td><span class="badge log pass-bg">Pass</span></td>
        <td>7:17:13 pm</td>
        <td>
          Send VishTester!1706 to Decorated {[[ChromeDriver: chrome on windows (ba1aae64bf8f70bf336d5ef9c412ab56)] -> xpath: .//input[@id='password']]}
        </td>
      </tr>
      <tr class="event-row">
        <td><span class="badge log info-bg">Info</span></td>
        <td>7:17:29 pm</td>
        <td>
          Refreshed the Window.
        </td>
      </tr>
  </tbody>
</table>
</div>
          </div>
        </li>
        <li class="test-item"  status="fail" test-id="3"
          author=""
          tag="HouseHoldIncomeVerification"
          device="">
          <div class="test-detail">
            <p class="name">chrome-HouseHoldIncomeVerification-verifyJsonValues</p>
            <p class="text-sm">
              <span>7:17:41 pm</span> / <span>00:30:14:162</span>
              <span class="badge fail-bg log float-right">Fail</span>
            </p>
          </div>
          <div class="test-contents d-none">
<div class="detail-head">
<div class="p-v-10">
<div class="info">
<h5 class="test-status text-fail">chrome-HouseHoldIncomeVerification-verifyJsonValues</h5>
<span class='badge badge-success'>01.05.2024 7:17:41 pm</span>
<span class='badge badge-danger'>01.05.2024 7:47:55 pm</span>
<span class='badge badge-default'>00:30:14:162</span>
&middot; <span class='uri-anchor badge badge-default'>#test-id=3</span>
<span class='badge badge-default pointer float-right ml-1 et'><i class="fa fa-chevron-down"></i></span>
<span class='badge badge-default pointer float-right ct'><i class="fa fa-chevron-up"></i></span>
</div>
<div class="m-t-15"><span class="badge badge-pill badge-default">HouseHoldIncomeVerification</span></div>
<div class="m-t-10 m-l-5">The Extent Report for:HouseHoldIncomeVerification</div>
</div>
</div>    <div class="row mb-3"><div class="col-md-3">
<img data-featherlight='./errorImages/20241805_071819.png' src="./errorImages/20241805_071819.png">
    
    </div></div>
    <div class="row mb-3"><div class="col-md-3">
<img data-featherlight='./errorImages/20241805_071840.png' src="./errorImages/20241805_071840.png">
    
    </div></div>
    <div class="row mb-3"><div class="col-md-3">
<img data-featherlight='./errorImages/20241905_071941.png' src="./errorImages/20241905_071941.png">
    
    </div></div>
    <div class="row mb-3"><div class="col-md-3">
<img data-featherlight='./errorImages/20242005_072030.png' src="./errorImages/20242005_072030.png">
    
    </div></div>
    <div class="row mb-3"><div class="col-md-3">
<img data-featherlight='./errorImages/20242005_072052.png' src="./errorImages/20242005_072052.png">
    
    </div></div>
    <div class="row mb-3"><div class="col-md-3">
<img data-featherlight='./errorImages/20242105_072113.png' src="./errorImages/20242105_072113.png">
    
    </div></div>
    <div class="row mb-3"><div class="col-md-3">
<img data-featherlight='./errorImages/20242105_072130.png' src="./errorImages/20242105_072130.png">
    
    </div></div>
    <div class="row mb-3"><div class="col-md-3">
<img data-featherlight='./errorImages/20242105_072147.png' src="./errorImages/20242105_072147.png">
    
    </div></div>
    <div class="row mb-3"><div class="col-md-3">
<img data-featherlight='./errorImages/20242205_072222.png' src="./errorImages/20242205_072222.png">
    
    </div></div>
    <div class="row mb-3"><div class="col-md-3">
<img data-featherlight='./errorImages/20242305_072302.png' src="./errorImages/20242305_072302.png">
    
    </div></div>
    <div class="row mb-3"><div class="col-md-3">
<img data-featherlight='./errorImages/20242305_072324.png' src="./errorImages/20242305_072324.png">
    
    </div></div>
    <div class="row mb-3"><div class="col-md-3">
<img data-featherlight='./errorImages/20242305_072345.png' src="./errorImages/20242305_072345.png">
    
    </div></div>
    <div class="row mb-3"><div class="col-md-3">
<img data-featherlight='./errorImages/20242405_072416.png' src="./errorImages/20242405_072416.png">
    
    </div></div>
    <div class="row mb-3"><div class="col-md-3">
<img data-featherlight='./errorImages/20242405_072439.png' src="./errorImages/20242405_072439.png">
    
    </div></div>
    <div class="row mb-3"><div class="col-md-3">
<img data-featherlight='./errorImages/20242505_072510.png' src="./errorImages/20242505_072510.png">
    
    </div></div>
    <div class="row mb-3"><div class="col-md-3">
<img data-featherlight='./errorImages/20242505_072536.png' src="./errorImages/20242505_072536.png">
    
    </div></div>
    <div class="row mb-3"><div class="col-md-3">
<img data-featherlight='./errorImages/20242605_072600.png' src="./errorImages/20242605_072600.png">
    
    </div></div>
    <div class="row mb-3"><div class="col-md-3">
<img data-featherlight='./errorImages/20242605_072658.png' src="./errorImages/20242605_072658.png">
    
    </div></div>
    <div class="row mb-3"><div class="col-md-3">
<img data-featherlight='./errorImages/20242705_072742.png' src="./errorImages/20242705_072742.png">
    
    </div></div>
    <div class="row mb-3"><div class="col-md-3">
<img data-featherlight='./errorImages/20242805_072830.png' src="./errorImages/20242805_072830.png">
    
    </div></div>
    <div class="row mb-3"><div class="col-md-3">
<img data-featherlight='./errorImages/20242805_072851.png' src="./errorImages/20242805_072851.png">
    
    </div></div>
    <div class="row mb-3"><div class="col-md-3">
<img data-featherlight='./errorImages/20242905_072918.png' src="./errorImages/20242905_072918.png">
    
    </div></div>
    <div class="row mb-3"><div class="col-md-3">
<img data-featherlight='./errorImages/20243005_073009.png' src="./errorImages/20243005_073009.png">
    
    </div></div>
    <div class="row mb-3"><div class="col-md-3">
<img data-featherlight='./errorImages/20243005_073033.png' src="./errorImages/20243005_073033.png">
    
    </div></div>
    <div class="row mb-3"><div class="col-md-3">
<img data-featherlight='./errorImages/20243005_073049.png' src="./errorImages/20243005_073049.png">
    
    </div></div>
    <div class="row mb-3"><div class="col-md-3">
<img data-featherlight='./errorImages/20243105_073139.png' src="./errorImages/20243105_073139.png">
    
    </div></div>
    <div class="row mb-3"><div class="col-md-3">
<img data-featherlight='./errorImages/20243205_073201.png' src="./errorImages/20243205_073201.png">
    
    </div></div>
    <div class="row mb-3"><div class="col-md-3">
<img data-featherlight='./errorImages/20243205_073225.png' src="./errorImages/20243205_073225.png">
    
    </div></div>
    <div class="row mb-3"><div class="col-md-3">
<img data-featherlight='./errorImages/20243205_073244.png' src="./errorImages/20243205_073244.png">
    
    </div></div>
    <div class="row mb-3"><div class="col-md-3">
<img data-featherlight='./errorImages/20243405_073454.png' src="./errorImages/20243405_073454.png">
    
    </div></div>
    <div class="row mb-3"><div class="col-md-3">
<img data-featherlight='./errorImages/20243505_073510.png' src="./errorImages/20243505_073510.png">
    
    </div></div>
    <div class="row mb-3"><div class="col-md-3">
<img data-featherlight='./errorImages/20243505_073556.png' src="./errorImages/20243505_073556.png">
    
    </div></div>
    <div class="row mb-3"><div class="col-md-3">
<img data-featherlight='./errorImages/20243605_073636.png' src="./errorImages/20243605_073636.png">
    
    </div></div>
    <div class="row mb-3"><div class="col-md-3">
<img data-featherlight='./errorImages/20243805_073820.png' src="./errorImages/20243805_073820.png">
    
    </div></div>
    <div class="row mb-3"><div class="col-md-3">
<img data-featherlight='./errorImages/20243805_073845.png' src="./errorImages/20243805_073845.png">
    
    </div></div>
    <div class="row mb-3"><div class="col-md-3">
<img data-featherlight='./errorImages/20243905_073937.png' src="./errorImages/20243905_073937.png">
    
    </div></div>
    <div class="row mb-3"><div class="col-md-3">
<img data-featherlight='./errorImages/20244005_074028.png' src="./errorImages/20244005_074028.png">
    
    </div></div>
    <div class="row mb-3"><div class="col-md-3">
<img data-featherlight='./errorImages/20244105_074145.png' src="./errorImages/20244105_074145.png">
    
    </div></div>
    <div class="row mb-3"><div class="col-md-3">
<img data-featherlight='./errorImages/20244205_074212.png' src="./errorImages/20244205_074212.png">
    
    </div></div>
    <div class="row mb-3"><div class="col-md-3">
<img data-featherlight='./errorImages/20244205_074238.png' src="./errorImages/20244205_074238.png">
    
    </div></div>
    <div class="row mb-3"><div class="col-md-3">
<img data-featherlight='./errorImages/20244405_074412.png' src="./errorImages/20244405_074412.png">
    
    </div></div>
    <div class="row mb-3"><div class="col-md-3">
<img data-featherlight='./errorImages/20244405_074437.png' src="./errorImages/20244405_074437.png">
    
    </div></div>
    <div class="row mb-3"><div class="col-md-3">
<img data-featherlight='./errorImages/20244505_074506.png' src="./errorImages/20244505_074506.png">
    
    </div></div>
    <div class="row mb-3"><div class="col-md-3">
<img data-featherlight='./errorImages/20244605_074611.png' src="./errorImages/20244605_074611.png">
    
    </div></div>
    <div class="row mb-3"><div class="col-md-3">
<img data-featherlight='./errorImages/20244605_074653.png' src="./errorImages/20244605_074653.png">
    
    </div></div>
<div class="detail-body mt-4">
<table class="table table-sm">
  <thead><tr><th class="status-col">Status</th><th class="timestamp-col">Timestamp</th><th class="details-col">Details</th></tr></thead>
  <tbody>
      <tr class="event-row">
        <td><span class="badge log info-bg">Info</span></td>
        <td>7:17:41 pm</td>
        <td>
          Test Started!
        </td>
      </tr>
      <tr class="event-row">
        <td><span class="badge log info-bg">Info</span></td>
        <td>7:17:41 pm</td>
        <td>
          GET WebDriver instance
        </td>
      </tr>
      <tr class="event-row">
        <td><span class="badge log info-bg">Info</span></td>
        <td>7:17:41 pm</td>
        <td>
          GET WebDriver instance
        </td>
      </tr>
      <tr class="event-row">
        <td><span class="badge log info-bg">Info</span></td>
        <td>7:17:41 pm</td>
        <td>
          All Cookies have been cleaned....
        </td>
      </tr>
      <tr class="event-row">
        <td><span class="badge log info-bg">Info</span></td>
        <td>7:17:49 pm</td>
        <td>
          Page navigates to https://uat-xolairhcp-core.gene.com/allergic-asthma/financial-support/tool/gpf-financial-eligibility.html
        </td>
      </tr>
      <tr class="event-row">
        <td><span class="badge log info-bg">Info</span></td>
        <td>7:18:13 pm</td>
        <td>
          GET WebDriver instance
        </td>
      </tr>
      <tr class="event-row">
        <td><span class="badge log info-bg">Info</span></td>
        <td>7:18:13 pm</td>
        <td>
          All Cookies have been cleaned....
        </td>
      </tr>
      <tr class="event-row">
        <td><span class="badge log fail-bg">Fail</span></td>
        <td>7:18:19 pm</td>
        <td>
          org.openqa.selenium.WebDriverException: no such execution context
  (Session info: chrome=120.0.6099.130)
Build info: version: '4.14.1', revision: '03f8ede370'
System info: os.name: 'Windows 10', os.arch: 'amd64', os.version: '10.0', java.version: '19.0.1'
Driver info: org.openqa.selenium.chrome.ChromeDriver
Command: [ba1aae64bf8f70bf336d5ef9c412ab56, get {url=https://uat-xolairhcp-core.gene.com/allergic-asthma/financial-support/tool/gpf-financial-eligibility.html}]
Capabilities {acceptInsecureCerts: true, browserName: chrome, browserVersion: 120.0.6099.130, chrome: {chromedriverVersion: 120.0.6099.109 (3419140ab66..., userDataDir: C:\Users\VISHAK~1.KHE\AppDa...}, fedcm:accounts: true, goog:chromeOptions: {debuggerAddress: localhost:52227}, networkConnectionEnabled: false, pageLoadStrategy: normal, platformName: windows, proxy: Proxy(), se:cdp: ws://localhost:52227/devtoo..., se:cdpVersion: 120.0.6099.130, setWindowRect: true, strictFileInteractability: false, timeouts: {implicit: 0, pageLoad: 300000, script: 30000}, unhandledPromptBehavior: dismiss and notify, webauthn:extension:credBlob: true, webauthn:extension:largeBlob: true, webauthn:extension:minPinLength: true, webauthn:extension:prf: true, webauthn:virtualAuthenticators: true}
Session ID: ba1aae64bf8f70bf336d5ef9c412ab56
Screencast below: com.aventstack.extentreports.ExtentTest@3cd46491
        </td>
      </tr>
      <tr class="event-row">
        <td><span class="badge log info-bg">Info</span></td>
        <td>7:18:29 pm</td>
        <td>
          GET WebDriver instance
        </td>
      </tr>
      <tr class="event-row">
        <td><span class="badge log info-bg">Info</span></td>
        <td>7:18:29 pm</td>
        <td>
          All Cookies have been cleaned....
        </td>
      </tr>
      <tr class="event-row">
        <td><span class="badge log fail-bg">Fail</span></td>
        <td>7:18:40 pm</td>
        <td>
          org.openqa.selenium.WebDriverException: no such execution context
  (Session info: chrome=120.0.6099.130)
Build info: version: '4.14.1', revision: '03f8ede370'
System info: os.name: 'Windows 10', os.arch: 'amd64', os.version: '10.0', java.version: '19.0.1'
Driver info: org.openqa.selenium.chrome.ChromeDriver
Command: [ba1aae64bf8f70bf336d5ef9c412ab56, get {url=https://uat-xolairhcp-core.gene.com/allergic-asthma/financial-support/tool/gpf-financial-eligibility.html}]
Capabilities {acceptInsecureCerts: true, browserName: chrome, browserVersion: 120.0.6099.130, chrome: {chromedriverVersion: 120.0.6099.109 (3419140ab66..., userDataDir: C:\Users\VISHAK~1.KHE\AppDa...}, fedcm:accounts: true, goog:chromeOptions: {debuggerAddress: localhost:52227}, networkConnectionEnabled: false, pageLoadStrategy: normal, platformName: windows, proxy: Proxy(), se:cdp: ws://localhost:52227/devtoo..., se:cdpVersion: 120.0.6099.130, setWindowRect: true, strictFileInteractability: false, timeouts: {implicit: 0, pageLoad: 300000, script: 30000}, unhandledPromptBehavior: dismiss and notify, webauthn:extension:credBlob: true, webauthn:extension:largeBlob: true, webauthn:extension:minPinLength: true, webauthn:extension:prf: true, webauthn:virtualAuthenticators: true}
Session ID: ba1aae64bf8f70bf336d5ef9c412ab56
Screencast below: com.aventstack.extentreports.ExtentTest@3cd46491
        </td>
      </tr>
      <tr class="event-row">
        <td><span class="badge log info-bg">Info</span></td>
        <td>7:18:51 pm</td>
        <td>
          GET WebDriver instance
        </td>
      </tr>
      <tr class="event-row">
        <td><span class="badge log info-bg">Info</span></td>
        <td>7:18:52 pm</td>
        <td>
          All Cookies have been cleaned....
        </td>
      </tr>
      <tr class="event-row">
        <td><span class="badge log info-bg">Info</span></td>
        <td>7:19:00 pm</td>
        <td>
          Page navigates to https://uat-xolairhcp-core.gene.com/allergic-asthma/financial-support/tool/gpf-financial-eligibility.html
        </td>
      </tr>
      <tr class="event-row">
        <td><span class="badge log info-bg">Info</span></td>
        <td>7:19:10 pm</td>
        <td>
          GET WebDriver instance
        </td>
      </tr>
      <tr class="event-row">
        <td><span class="badge log info-bg">Info</span></td>
        <td>7:19:11 pm</td>
        <td>
          All Cookies have been cleaned....
        </td>
      </tr>
      <tr class="event-row">
        <td><span class="badge log info-bg">Info</span></td>
        <td>7:19:20 pm</td>
        <td>
          Page navigates to https://uat-xolairhcp-core.gene.com/allergic-asthma/financial-support/tool/gpf-financial-eligibility.html
        </td>
      </tr>
      <tr class="event-row">
        <td><span class="badge log info-bg">Info</span></td>
        <td>7:19:31 pm</td>
        <td>
          GET WebDriver instance
        </td>
      </tr>
      <tr class="event-row">
        <td><span class="badge log info-bg">Info</span></td>
        <td>7:19:32 pm</td>
        <td>
          All Cookies have been cleaned....
        </td>
      </tr>
      <tr class="event-row">
        <td><span class="badge log fail-bg">Fail</span></td>
        <td>7:19:41 pm</td>
        <td>
          org.openqa.selenium.WebDriverException: no such execution context
  (Session info: chrome=120.0.6099.130)
Build info: version: '4.14.1', revision: '03f8ede370'
System info: os.name: 'Windows 10', os.arch: 'amd64', os.version: '10.0', java.version: '19.0.1'
Driver info: org.openqa.selenium.chrome.ChromeDriver
Command: [ba1aae64bf8f70bf336d5ef9c412ab56, get {url=https://uat-xolairhcp-core.gene.com/allergic-asthma/financial-support/tool/gpf-financial-eligibility.html}]
Capabilities {acceptInsecureCerts: true, browserName: chrome, browserVersion: 120.0.6099.130, chrome: {chromedriverVersion: 120.0.6099.109 (3419140ab66..., userDataDir: C:\Users\VISHAK~1.KHE\AppDa...}, fedcm:accounts: true, goog:chromeOptions: {debuggerAddress: localhost:52227}, networkConnectionEnabled: false, pageLoadStrategy: normal, platformName: windows, proxy: Proxy(), se:cdp: ws://localhost:52227/devtoo..., se:cdpVersion: 120.0.6099.130, setWindowRect: true, strictFileInteractability: false, timeouts: {implicit: 0, pageLoad: 300000, script: 30000}, unhandledPromptBehavior: dismiss and notify, webauthn:extension:credBlob: true, webauthn:extension:largeBlob: true, webauthn:extension:minPinLength: true, webauthn:extension:prf: true, webauthn:virtualAuthenticators: true}
Session ID: ba1aae64bf8f70bf336d5ef9c412ab56
Screencast below: com.aventstack.extentreports.ExtentTest@3cd46491
        </td>
      </tr>
      <tr class="event-row">
        <td><span class="badge log info-bg">Info</span></td>
        <td>7:19:54 pm</td>
        <td>
          GET WebDriver instance
        </td>
      </tr>
      <tr class="event-row">
        <td><span class="badge log info-bg">Info</span></td>
        <td>7:19:54 pm</td>
        <td>
          All Cookies have been cleaned....
        </td>
      </tr>
      <tr class="event-row">
        <td><span class="badge log info-bg">Info</span></td>
        <td>7:20:05 pm</td>
        <td>
          Page navigates to https://uat-xolairhcp-core.gene.com/allergic-asthma/financial-support/tool/gpf-financial-eligibility.html
        </td>
      </tr>
      <tr class="event-row">
        <td><span class="badge log info-bg">Info</span></td>
        <td>7:20:20 pm</td>
        <td>
          GET WebDriver instance
        </td>
      </tr>
      <tr class="event-row">
        <td><span class="badge log info-bg">Info</span></td>
        <td>7:20:20 pm</td>
        <td>
          All Cookies have been cleaned....
        </td>
      </tr>
      <tr class="event-row">
        <td><span class="badge log fail-bg">Fail</span></td>
        <td>7:20:30 pm</td>
        <td>
          org.openqa.selenium.WebDriverException: no such execution context
  (Session info: chrome=120.0.6099.130)
Build info: version: '4.14.1', revision: '03f8ede370'
System info: os.name: 'Windows 10', os.arch: 'amd64', os.version: '10.0', java.version: '19.0.1'
Driver info: org.openqa.selenium.chrome.ChromeDriver
Command: [ba1aae64bf8f70bf336d5ef9c412ab56, get {url=https://uat-xolairhcp-core.gene.com/allergic-asthma/financial-support/tool/gpf-financial-eligibility.html}]
Capabilities {acceptInsecureCerts: true, browserName: chrome, browserVersion: 120.0.6099.130, chrome: {chromedriverVersion: 120.0.6099.109 (3419140ab66..., userDataDir: C:\Users\VISHAK~1.KHE\AppDa...}, fedcm:accounts: true, goog:chromeOptions: {debuggerAddress: localhost:52227}, networkConnectionEnabled: false, pageLoadStrategy: normal, platformName: windows, proxy: Proxy(), se:cdp: ws://localhost:52227/devtoo..., se:cdpVersion: 120.0.6099.130, setWindowRect: true, strictFileInteractability: false, timeouts: {implicit: 0, pageLoad: 300000, script: 30000}, unhandledPromptBehavior: dismiss and notify, webauthn:extension:credBlob: true, webauthn:extension:largeBlob: true, webauthn:extension:minPinLength: true, webauthn:extension:prf: true, webauthn:virtualAuthenticators: true}
Session ID: ba1aae64bf8f70bf336d5ef9c412ab56
Screencast below: com.aventstack.extentreports.ExtentTest@3cd46491
        </td>
      </tr>
      <tr class="event-row">
        <td><span class="badge log info-bg">Info</span></td>
        <td>7:20:43 pm</td>
        <td>
          GET WebDriver instance
        </td>
      </tr>
      <tr class="event-row">
        <td><span class="badge log info-bg">Info</span></td>
        <td>7:20:43 pm</td>
        <td>
          All Cookies have been cleaned....
        </td>
      </tr>
      <tr class="event-row">
        <td><span class="badge log fail-bg">Fail</span></td>
        <td>7:20:52 pm</td>
        <td>
          org.openqa.selenium.WebDriverException: no such execution context
  (Session info: chrome=120.0.6099.130)
Build info: version: '4.14.1', revision: '03f8ede370'
System info: os.name: 'Windows 10', os.arch: 'amd64', os.version: '10.0', java.version: '19.0.1'
Driver info: org.openqa.selenium.chrome.ChromeDriver
Command: [ba1aae64bf8f70bf336d5ef9c412ab56, get {url=https://uat-xolairhcp-core.gene.com/allergic-asthma/financial-support/tool/gpf-financial-eligibility.html}]
Capabilities {acceptInsecureCerts: true, browserName: chrome, browserVersion: 120.0.6099.130, chrome: {chromedriverVersion: 120.0.6099.109 (3419140ab66..., userDataDir: C:\Users\VISHAK~1.KHE\AppDa...}, fedcm:accounts: true, goog:chromeOptions: {debuggerAddress: localhost:52227}, networkConnectionEnabled: false, pageLoadStrategy: normal, platformName: windows, proxy: Proxy(), se:cdp: ws://localhost:52227/devtoo..., se:cdpVersion: 120.0.6099.130, setWindowRect: true, strictFileInteractability: false, timeouts: {implicit: 0, pageLoad: 300000, script: 30000}, unhandledPromptBehavior: dismiss and notify, webauthn:extension:credBlob: true, webauthn:extension:largeBlob: true, webauthn:extension:minPinLength: true, webauthn:extension:prf: true, webauthn:virtualAuthenticators: true}
Session ID: ba1aae64bf8f70bf336d5ef9c412ab56
Screencast below: com.aventstack.extentreports.ExtentTest@3cd46491
        </td>
      </tr>
      <tr class="event-row">
        <td><span class="badge log info-bg">Info</span></td>
        <td>7:21:03 pm</td>
        <td>
          GET WebDriver instance
        </td>
      </tr>
      <tr class="event-row">
        <td><span class="badge log info-bg">Info</span></td>
        <td>7:21:03 pm</td>
        <td>
          All Cookies have been cleaned....
        </td>
      </tr>
      <tr class="event-row">
        <td><span class="badge log fail-bg">Fail</span></td>
        <td>7:21:13 pm</td>
        <td>
          org.openqa.selenium.WebDriverException: no such execution context
  (Session info: chrome=120.0.6099.130)
Build info: version: '4.14.1', revision: '03f8ede370'
System info: os.name: 'Windows 10', os.arch: 'amd64', os.version: '10.0', java.version: '19.0.1'
Driver info: org.openqa.selenium.chrome.ChromeDriver
Command: [ba1aae64bf8f70bf336d5ef9c412ab56, get {url=https://uat-xolairhcp-core.gene.com/allergic-asthma/financial-support/tool/gpf-financial-eligibility.html}]
Capabilities {acceptInsecureCerts: true, browserName: chrome, browserVersion: 120.0.6099.130, chrome: {chromedriverVersion: 120.0.6099.109 (3419140ab66..., userDataDir: C:\Users\VISHAK~1.KHE\AppDa...}, fedcm:accounts: true, goog:chromeOptions: {debuggerAddress: localhost:52227}, networkConnectionEnabled: false, pageLoadStrategy: normal, platformName: windows, proxy: Proxy(), se:cdp: ws://localhost:52227/devtoo..., se:cdpVersion: 120.0.6099.130, setWindowRect: true, strictFileInteractability: false, timeouts: {implicit: 0, pageLoad: 300000, script: 30000}, unhandledPromptBehavior: dismiss and notify, webauthn:extension:credBlob: true, webauthn:extension:largeBlob: true, webauthn:extension:minPinLength: true, webauthn:extension:prf: true, webauthn:virtualAuthenticators: true}
Session ID: ba1aae64bf8f70bf336d5ef9c412ab56
Screencast below: com.aventstack.extentreports.ExtentTest@3cd46491
        </td>
      </tr>
      <tr class="event-row">
        <td><span class="badge log info-bg">Info</span></td>
        <td>7:21:23 pm</td>
        <td>
          GET WebDriver instance
        </td>
      </tr>
      <tr class="event-row">
        <td><span class="badge log info-bg">Info</span></td>
        <td>7:21:23 pm</td>
        <td>
          All Cookies have been cleaned....
        </td>
      </tr>
      <tr class="event-row">
        <td><span class="badge log fail-bg">Fail</span></td>
        <td>7:21:30 pm</td>
        <td>
          org.openqa.selenium.WebDriverException: no such execution context
  (Session info: chrome=120.0.6099.130)
Build info: version: '4.14.1', revision: '03f8ede370'
System info: os.name: 'Windows 10', os.arch: 'amd64', os.version: '10.0', java.version: '19.0.1'
Driver info: org.openqa.selenium.chrome.ChromeDriver
Command: [ba1aae64bf8f70bf336d5ef9c412ab56, get {url=https://uat-xolairhcp-core.gene.com/allergic-asthma/financial-support/tool/gpf-financial-eligibility.html}]
Capabilities {acceptInsecureCerts: true, browserName: chrome, browserVersion: 120.0.6099.130, chrome: {chromedriverVersion: 120.0.6099.109 (3419140ab66..., userDataDir: C:\Users\VISHAK~1.KHE\AppDa...}, fedcm:accounts: true, goog:chromeOptions: {debuggerAddress: localhost:52227}, networkConnectionEnabled: false, pageLoadStrategy: normal, platformName: windows, proxy: Proxy(), se:cdp: ws://localhost:52227/devtoo..., se:cdpVersion: 120.0.6099.130, setWindowRect: true, strictFileInteractability: false, timeouts: {implicit: 0, pageLoad: 300000, script: 30000}, unhandledPromptBehavior: dismiss and notify, webauthn:extension:credBlob: true, webauthn:extension:largeBlob: true, webauthn:extension:minPinLength: true, webauthn:extension:prf: true, webauthn:virtualAuthenticators: true}
Session ID: ba1aae64bf8f70bf336d5ef9c412ab56
Screencast below: com.aventstack.extentreports.ExtentTest@3cd46491
        </td>
      </tr>
      <tr class="event-row">
        <td><span class="badge log info-bg">Info</span></td>
        <td>7:21:42 pm</td>
        <td>
          GET WebDriver instance
        </td>
      </tr>
      <tr class="event-row">
        <td><span class="badge log info-bg">Info</span></td>
        <td>7:21:42 pm</td>
        <td>
          All Cookies have been cleaned....
        </td>
      </tr>
      <tr class="event-row">
        <td><span class="badge log fail-bg">Fail</span></td>
        <td>7:21:47 pm</td>
        <td>
          org.openqa.selenium.WebDriverException: no such execution context
  (Session info: chrome=120.0.6099.130)
Build info: version: '4.14.1', revision: '03f8ede370'
System info: os.name: 'Windows 10', os.arch: 'amd64', os.version: '10.0', java.version: '19.0.1'
Driver info: org.openqa.selenium.chrome.ChromeDriver
Command: [ba1aae64bf8f70bf336d5ef9c412ab56, get {url=https://uat-xolairhcp-core.gene.com/allergic-asthma/financial-support/tool/gpf-financial-eligibility.html}]
Capabilities {acceptInsecureCerts: true, browserName: chrome, browserVersion: 120.0.6099.130, chrome: {chromedriverVersion: 120.0.6099.109 (3419140ab66..., userDataDir: C:\Users\VISHAK~1.KHE\AppDa...}, fedcm:accounts: true, goog:chromeOptions: {debuggerAddress: localhost:52227}, networkConnectionEnabled: false, pageLoadStrategy: normal, platformName: windows, proxy: Proxy(), se:cdp: ws://localhost:52227/devtoo..., se:cdpVersion: 120.0.6099.130, setWindowRect: true, strictFileInteractability: false, timeouts: {implicit: 0, pageLoad: 300000, script: 30000}, unhandledPromptBehavior: dismiss and notify, webauthn:extension:credBlob: true, webauthn:extension:largeBlob: true, webauthn:extension:minPinLength: true, webauthn:extension:prf: true, webauthn:virtualAuthenticators: true}
Session ID: ba1aae64bf8f70bf336d5ef9c412ab56
Screencast below: com.aventstack.extentreports.ExtentTest@3cd46491
        </td>
      </tr>
      <tr class="event-row">
        <td><span class="badge log info-bg">Info</span></td>
        <td>7:21:53 pm</td>
        <td>
          GET WebDriver instance
        </td>
      </tr>
      <tr class="event-row">
        <td><span class="badge log info-bg">Info</span></td>
        <td>7:21:54 pm</td>
        <td>
          All Cookies have been cleaned....
        </td>
      </tr>
      <tr class="event-row">
        <td><span class="badge log info-bg">Info</span></td>
        <td>7:22:00 pm</td>
        <td>
          Page navigates to https://uat-xolairhcp-core.gene.com/allergic-asthma/financial-support/tool/gpf-financial-eligibility.html
        </td>
      </tr>
      <tr class="event-row">
        <td><span class="badge log info-bg">Info</span></td>
        <td>7:22:12 pm</td>
        <td>
          GET WebDriver instance
        </td>
      </tr>
      <tr class="event-row">
        <td><span class="badge log info-bg">Info</span></td>
        <td>7:22:13 pm</td>
        <td>
          All Cookies have been cleaned....
        </td>
      </tr>
      <tr class="event-row">
        <td><span class="badge log fail-bg">Fail</span></td>
        <td>7:22:22 pm</td>
        <td>
          org.openqa.selenium.WebDriverException: no such execution context
  (Session info: chrome=120.0.6099.130)
Build info: version: '4.14.1', revision: '03f8ede370'
System info: os.name: 'Windows 10', os.arch: 'amd64', os.version: '10.0', java.version: '19.0.1'
Driver info: org.openqa.selenium.chrome.ChromeDriver
Command: [ba1aae64bf8f70bf336d5ef9c412ab56, get {url=https://uat-xolairhcp-core.gene.com/allergic-asthma/financial-support/tool/gpf-financial-eligibility.html}]
Capabilities {acceptInsecureCerts: true, browserName: chrome, browserVersion: 120.0.6099.130, chrome: {chromedriverVersion: 120.0.6099.109 (3419140ab66..., userDataDir: C:\Users\VISHAK~1.KHE\AppDa...}, fedcm:accounts: true, goog:chromeOptions: {debuggerAddress: localhost:52227}, networkConnectionEnabled: false, pageLoadStrategy: normal, platformName: windows, proxy: Proxy(), se:cdp: ws://localhost:52227/devtoo..., se:cdpVersion: 120.0.6099.130, setWindowRect: true, strictFileInteractability: false, timeouts: {implicit: 0, pageLoad: 300000, script: 30000}, unhandledPromptBehavior: dismiss and notify, webauthn:extension:credBlob: true, webauthn:extension:largeBlob: true, webauthn:extension:minPinLength: true, webauthn:extension:prf: true, webauthn:virtualAuthenticators: true}
Session ID: ba1aae64bf8f70bf336d5ef9c412ab56
Screencast below: com.aventstack.extentreports.ExtentTest@3cd46491
        </td>
      </tr>
      <tr class="event-row">
        <td><span class="badge log info-bg">Info</span></td>
        <td>7:22:30 pm</td>
        <td>
          GET WebDriver instance
        </td>
      </tr>
      <tr class="event-row">
        <td><span class="badge log info-bg">Info</span></td>
        <td>7:22:30 pm</td>
        <td>
          All Cookies have been cleaned....
        </td>
      </tr>
      <tr class="event-row">
        <td><span class="badge log info-bg">Info</span></td>
        <td>7:22:42 pm</td>
        <td>
          Page navigates to https://uat-xolairhcp-core.gene.com/allergic-asthma/financial-support/tool/gpf-financial-eligibility.html
        </td>
      </tr>
      <tr class="event-row">
        <td><span class="badge log info-bg">Info</span></td>
        <td>7:22:55 pm</td>
        <td>
          GET WebDriver instance
        </td>
      </tr>
      <tr class="event-row">
        <td><span class="badge log info-bg">Info</span></td>
        <td>7:22:55 pm</td>
        <td>
          All Cookies have been cleaned....
        </td>
      </tr>
      <tr class="event-row">
        <td><span class="badge log fail-bg">Fail</span></td>
        <td>7:23:02 pm</td>
        <td>
          org.openqa.selenium.WebDriverException: no such execution context
  (Session info: chrome=120.0.6099.130)
Build info: version: '4.14.1', revision: '03f8ede370'
System info: os.name: 'Windows 10', os.arch: 'amd64', os.version: '10.0', java.version: '19.0.1'
Driver info: org.openqa.selenium.chrome.ChromeDriver
Command: [ba1aae64bf8f70bf336d5ef9c412ab56, get {url=https://uat-xolairhcp-core.gene.com/allergic-asthma/financial-support/tool/gpf-financial-eligibility.html}]
Capabilities {acceptInsecureCerts: true, browserName: chrome, browserVersion: 120.0.6099.130, chrome: {chromedriverVersion: 120.0.6099.109 (3419140ab66..., userDataDir: C:\Users\VISHAK~1.KHE\AppDa...}, fedcm:accounts: true, goog:chromeOptions: {debuggerAddress: localhost:52227}, networkConnectionEnabled: false, pageLoadStrategy: normal, platformName: windows, proxy: Proxy(), se:cdp: ws://localhost:52227/devtoo..., se:cdpVersion: 120.0.6099.130, setWindowRect: true, strictFileInteractability: false, timeouts: {implicit: 0, pageLoad: 300000, script: 30000}, unhandledPromptBehavior: dismiss and notify, webauthn:extension:credBlob: true, webauthn:extension:largeBlob: true, webauthn:extension:minPinLength: true, webauthn:extension:prf: true, webauthn:virtualAuthenticators: true}
Session ID: ba1aae64bf8f70bf336d5ef9c412ab56
Screencast below: com.aventstack.extentreports.ExtentTest@3cd46491
        </td>
      </tr>
      <tr class="event-row">
        <td><span class="badge log info-bg">Info</span></td>
        <td>7:23:13 pm</td>
        <td>
          GET WebDriver instance
        </td>
      </tr>
      <tr class="event-row">
        <td><span class="badge log info-bg">Info</span></td>
        <td>7:23:13 pm</td>
        <td>
          All Cookies have been cleaned....
        </td>
      </tr>
      <tr class="event-row">
        <td><span class="badge log fail-bg">Fail</span></td>
        <td>7:23:24 pm</td>
        <td>
          org.openqa.selenium.WebDriverException: no such execution context
  (Session info: chrome=120.0.6099.130)
Build info: version: '4.14.1', revision: '03f8ede370'
System info: os.name: 'Windows 10', os.arch: 'amd64', os.version: '10.0', java.version: '19.0.1'
Driver info: org.openqa.selenium.chrome.ChromeDriver
Command: [ba1aae64bf8f70bf336d5ef9c412ab56, get {url=https://uat-xolairhcp-core.gene.com/allergic-asthma/financial-support/tool/gpf-financial-eligibility.html}]
Capabilities {acceptInsecureCerts: true, browserName: chrome, browserVersion: 120.0.6099.130, chrome: {chromedriverVersion: 120.0.6099.109 (3419140ab66..., userDataDir: C:\Users\VISHAK~1.KHE\AppDa...}, fedcm:accounts: true, goog:chromeOptions: {debuggerAddress: localhost:52227}, networkConnectionEnabled: false, pageLoadStrategy: normal, platformName: windows, proxy: Proxy(), se:cdp: ws://localhost:52227/devtoo..., se:cdpVersion: 120.0.6099.130, setWindowRect: true, strictFileInteractability: false, timeouts: {implicit: 0, pageLoad: 300000, script: 30000}, unhandledPromptBehavior: dismiss and notify, webauthn:extension:credBlob: true, webauthn:extension:largeBlob: true, webauthn:extension:minPinLength: true, webauthn:extension:prf: true, webauthn:virtualAuthenticators: true}
Session ID: ba1aae64bf8f70bf336d5ef9c412ab56
Screencast below: com.aventstack.extentreports.ExtentTest@3cd46491
        </td>
      </tr>
      <tr class="event-row">
        <td><span class="badge log info-bg">Info</span></td>
        <td>7:23:35 pm</td>
        <td>
          GET WebDriver instance
        </td>
      </tr>
      <tr class="event-row">
        <td><span class="badge log info-bg">Info</span></td>
        <td>7:23:36 pm</td>
        <td>
          All Cookies have been cleaned....
        </td>
      </tr>
      <tr class="event-row">
        <td><span class="badge log fail-bg">Fail</span></td>
        <td>7:23:45 pm</td>
        <td>
          org.openqa.selenium.WebDriverException: no such execution context
  (Session info: chrome=120.0.6099.130)
Build info: version: '4.14.1', revision: '03f8ede370'
System info: os.name: 'Windows 10', os.arch: 'amd64', os.version: '10.0', java.version: '19.0.1'
Driver info: org.openqa.selenium.chrome.ChromeDriver
Command: [ba1aae64bf8f70bf336d5ef9c412ab56, get {url=https://uat-xolairhcp-core.gene.com/allergic-asthma/financial-support/tool/gpf-financial-eligibility.html}]
Capabilities {acceptInsecureCerts: true, browserName: chrome, browserVersion: 120.0.6099.130, chrome: {chromedriverVersion: 120.0.6099.109 (3419140ab66..., userDataDir: C:\Users\VISHAK~1.KHE\AppDa...}, fedcm:accounts: true, goog:chromeOptions: {debuggerAddress: localhost:52227}, networkConnectionEnabled: false, pageLoadStrategy: normal, platformName: windows, proxy: Proxy(), se:cdp: ws://localhost:52227/devtoo..., se:cdpVersion: 120.0.6099.130, setWindowRect: true, strictFileInteractability: false, timeouts: {implicit: 0, pageLoad: 300000, script: 30000}, unhandledPromptBehavior: dismiss and notify, webauthn:extension:credBlob: true, webauthn:extension:largeBlob: true, webauthn:extension:minPinLength: true, webauthn:extension:prf: true, webauthn:virtualAuthenticators: true}
Session ID: ba1aae64bf8f70bf336d5ef9c412ab56
Screencast below: com.aventstack.extentreports.ExtentTest@3cd46491
        </td>
      </tr>
      <tr class="event-row">
        <td><span class="badge log info-bg">Info</span></td>
        <td>7:24:00 pm</td>
        <td>
          GET WebDriver instance
        </td>
      </tr>
      <tr class="event-row">
        <td><span class="badge log info-bg">Info</span></td>
        <td>7:24:00 pm</td>
        <td>
          All Cookies have been cleaned....
        </td>
      </tr>
      <tr class="event-row">
        <td><span class="badge log fail-bg">Fail</span></td>
        <td>7:24:16 pm</td>
        <td>
          org.openqa.selenium.WebDriverException: no such execution context
  (Session info: chrome=120.0.6099.130)
Build info: version: '4.14.1', revision: '03f8ede370'
System info: os.name: 'Windows 10', os.arch: 'amd64', os.version: '10.0', java.version: '19.0.1'
Driver info: org.openqa.selenium.chrome.ChromeDriver
Command: [ba1aae64bf8f70bf336d5ef9c412ab56, get {url=https://uat-xolairhcp-core.gene.com/allergic-asthma/financial-support/tool/gpf-financial-eligibility.html}]
Capabilities {acceptInsecureCerts: true, browserName: chrome, browserVersion: 120.0.6099.130, chrome: {chromedriverVersion: 120.0.6099.109 (3419140ab66..., userDataDir: C:\Users\VISHAK~1.KHE\AppDa...}, fedcm:accounts: true, goog:chromeOptions: {debuggerAddress: localhost:52227}, networkConnectionEnabled: false, pageLoadStrategy: normal, platformName: windows, proxy: Proxy(), se:cdp: ws://localhost:52227/devtoo..., se:cdpVersion: 120.0.6099.130, setWindowRect: true, strictFileInteractability: false, timeouts: {implicit: 0, pageLoad: 300000, script: 30000}, unhandledPromptBehavior: dismiss and notify, webauthn:extension:credBlob: true, webauthn:extension:largeBlob: true, webauthn:extension:minPinLength: true, webauthn:extension:prf: true, webauthn:virtualAuthenticators: true}
Session ID: ba1aae64bf8f70bf336d5ef9c412ab56
Screencast below: com.aventstack.extentreports.ExtentTest@3cd46491
        </td>
      </tr>
      <tr class="event-row">
        <td><span class="badge log info-bg">Info</span></td>
        <td>7:24:24 pm</td>
        <td>
          GET WebDriver instance
        </td>
      </tr>
      <tr class="event-row">
        <td><span class="badge log info-bg">Info</span></td>
        <td>7:24:24 pm</td>
        <td>
          All Cookies have been cleaned....
        </td>
      </tr>
      <tr class="event-row">
        <td><span class="badge log fail-bg">Fail</span></td>
        <td>7:24:39 pm</td>
        <td>
          org.openqa.selenium.WebDriverException: no such execution context
  (Session info: chrome=120.0.6099.130)
Build info: version: '4.14.1', revision: '03f8ede370'
System info: os.name: 'Windows 10', os.arch: 'amd64', os.version: '10.0', java.version: '19.0.1'
Driver info: org.openqa.selenium.chrome.ChromeDriver
Command: [ba1aae64bf8f70bf336d5ef9c412ab56, get {url=https://uat-xolairhcp-core.gene.com/allergic-asthma/financial-support/tool/gpf-financial-eligibility.html}]
Capabilities {acceptInsecureCerts: true, browserName: chrome, browserVersion: 120.0.6099.130, chrome: {chromedriverVersion: 120.0.6099.109 (3419140ab66..., userDataDir: C:\Users\VISHAK~1.KHE\AppDa...}, fedcm:accounts: true, goog:chromeOptions: {debuggerAddress: localhost:52227}, networkConnectionEnabled: false, pageLoadStrategy: normal, platformName: windows, proxy: Proxy(), se:cdp: ws://localhost:52227/devtoo..., se:cdpVersion: 120.0.6099.130, setWindowRect: true, strictFileInteractability: false, timeouts: {implicit: 0, pageLoad: 300000, script: 30000}, unhandledPromptBehavior: dismiss and notify, webauthn:extension:credBlob: true, webauthn:extension:largeBlob: true, webauthn:extension:minPinLength: true, webauthn:extension:prf: true, webauthn:virtualAuthenticators: true}
Session ID: ba1aae64bf8f70bf336d5ef9c412ab56
Screencast below: com.aventstack.extentreports.ExtentTest@3cd46491
        </td>
      </tr>
      <tr class="event-row">
        <td><span class="badge log info-bg">Info</span></td>
        <td>7:24:56 pm</td>
        <td>
          GET WebDriver instance
        </td>
      </tr>
      <tr class="event-row">
        <td><span class="badge log info-bg">Info</span></td>
        <td>7:24:57 pm</td>
        <td>
          All Cookies have been cleaned....
        </td>
      </tr>
      <tr class="event-row">
        <td><span class="badge log fail-bg">Fail</span></td>
        <td>7:25:10 pm</td>
        <td>
          org.openqa.selenium.WebDriverException: no such execution context
  (Session info: chrome=120.0.6099.130)
Build info: version: '4.14.1', revision: '03f8ede370'
System info: os.name: 'Windows 10', os.arch: 'amd64', os.version: '10.0', java.version: '19.0.1'
Driver info: org.openqa.selenium.chrome.ChromeDriver
Command: [ba1aae64bf8f70bf336d5ef9c412ab56, get {url=https://uat-xolairhcp-core.gene.com/allergic-asthma/financial-support/tool/gpf-financial-eligibility.html}]
Capabilities {acceptInsecureCerts: true, browserName: chrome, browserVersion: 120.0.6099.130, chrome: {chromedriverVersion: 120.0.6099.109 (3419140ab66..., userDataDir: C:\Users\VISHAK~1.KHE\AppDa...}, fedcm:accounts: true, goog:chromeOptions: {debuggerAddress: localhost:52227}, networkConnectionEnabled: false, pageLoadStrategy: normal, platformName: windows, proxy: Proxy(), se:cdp: ws://localhost:52227/devtoo..., se:cdpVersion: 120.0.6099.130, setWindowRect: true, strictFileInteractability: false, timeouts: {implicit: 0, pageLoad: 300000, script: 30000}, unhandledPromptBehavior: dismiss and notify, webauthn:extension:credBlob: true, webauthn:extension:largeBlob: true, webauthn:extension:minPinLength: true, webauthn:extension:prf: true, webauthn:virtualAuthenticators: true}
Session ID: ba1aae64bf8f70bf336d5ef9c412ab56
Screencast below: com.aventstack.extentreports.ExtentTest@3cd46491
        </td>
      </tr>
      <tr class="event-row">
        <td><span class="badge log info-bg">Info</span></td>
        <td>7:25:26 pm</td>
        <td>
          GET WebDriver instance
        </td>
      </tr>
      <tr class="event-row">
        <td><span class="badge log info-bg">Info</span></td>
        <td>7:25:27 pm</td>
        <td>
          All Cookies have been cleaned....
        </td>
      </tr>
      <tr class="event-row">
        <td><span class="badge log fail-bg">Fail</span></td>
        <td>7:25:36 pm</td>
        <td>
          org.openqa.selenium.WebDriverException: no such execution context
  (Session info: chrome=120.0.6099.130)
Build info: version: '4.14.1', revision: '03f8ede370'
System info: os.name: 'Windows 10', os.arch: 'amd64', os.version: '10.0', java.version: '19.0.1'
Driver info: org.openqa.selenium.chrome.ChromeDriver
Command: [ba1aae64bf8f70bf336d5ef9c412ab56, get {url=https://uat-xolairhcp-core.gene.com/allergic-asthma/financial-support/tool/gpf-financial-eligibility.html}]
Capabilities {acceptInsecureCerts: true, browserName: chrome, browserVersion: 120.0.6099.130, chrome: {chromedriverVersion: 120.0.6099.109 (3419140ab66..., userDataDir: C:\Users\VISHAK~1.KHE\AppDa...}, fedcm:accounts: true, goog:chromeOptions: {debuggerAddress: localhost:52227}, networkConnectionEnabled: false, pageLoadStrategy: normal, platformName: windows, proxy: Proxy(), se:cdp: ws://localhost:52227/devtoo..., se:cdpVersion: 120.0.6099.130, setWindowRect: true, strictFileInteractability: false, timeouts: {implicit: 0, pageLoad: 300000, script: 30000}, unhandledPromptBehavior: dismiss and notify, webauthn:extension:credBlob: true, webauthn:extension:largeBlob: true, webauthn:extension:minPinLength: true, webauthn:extension:prf: true, webauthn:virtualAuthenticators: true}
Session ID: ba1aae64bf8f70bf336d5ef9c412ab56
Screencast below: com.aventstack.extentreports.ExtentTest@3cd46491
        </td>
      </tr>
      <tr class="event-row">
        <td><span class="badge log info-bg">Info</span></td>
        <td>7:25:44 pm</td>
        <td>
          GET WebDriver instance
        </td>
      </tr>
      <tr class="event-row">
        <td><span class="badge log info-bg">Info</span></td>
        <td>7:25:45 pm</td>
        <td>
          All Cookies have been cleaned....
        </td>
      </tr>
      <tr class="event-row">
        <td><span class="badge log fail-bg">Fail</span></td>
        <td>7:26:00 pm</td>
        <td>
          org.openqa.selenium.WebDriverException: no such execution context
  (Session info: chrome=120.0.6099.130)
Build info: version: '4.14.1', revision: '03f8ede370'
System info: os.name: 'Windows 10', os.arch: 'amd64', os.version: '10.0', java.version: '19.0.1'
Driver info: org.openqa.selenium.chrome.ChromeDriver
Command: [ba1aae64bf8f70bf336d5ef9c412ab56, get {url=https://uat-xolairhcp-core.gene.com/allergic-asthma/financial-support/tool/gpf-financial-eligibility.html}]
Capabilities {acceptInsecureCerts: true, browserName: chrome, browserVersion: 120.0.6099.130, chrome: {chromedriverVersion: 120.0.6099.109 (3419140ab66..., userDataDir: C:\Users\VISHAK~1.KHE\AppDa...}, fedcm:accounts: true, goog:chromeOptions: {debuggerAddress: localhost:52227}, networkConnectionEnabled: false, pageLoadStrategy: normal, platformName: windows, proxy: Proxy(), se:cdp: ws://localhost:52227/devtoo..., se:cdpVersion: 120.0.6099.130, setWindowRect: true, strictFileInteractability: false, timeouts: {implicit: 0, pageLoad: 300000, script: 30000}, unhandledPromptBehavior: dismiss and notify, webauthn:extension:credBlob: true, webauthn:extension:largeBlob: true, webauthn:extension:minPinLength: true, webauthn:extension:prf: true, webauthn:virtualAuthenticators: true}
Session ID: ba1aae64bf8f70bf336d5ef9c412ab56
Screencast below: com.aventstack.extentreports.ExtentTest@3cd46491
        </td>
      </tr>
      <tr class="event-row">
        <td><span class="badge log info-bg">Info</span></td>
        <td>7:26:14 pm</td>
        <td>
          GET WebDriver instance
        </td>
      </tr>
      <tr class="event-row">
        <td><span class="badge log info-bg">Info</span></td>
        <td>7:26:14 pm</td>
        <td>
          All Cookies have been cleaned....
        </td>
      </tr>
      <tr class="event-row">
        <td><span class="badge log info-bg">Info</span></td>
        <td>7:26:27 pm</td>
        <td>
          Page navigates to https://uat-xolairhcp-core.gene.com/allergic-asthma/financial-support/tool/gpf-financial-eligibility.html
        </td>
      </tr>
      <tr class="event-row">
        <td><span class="badge log info-bg">Info</span></td>
        <td>7:26:45 pm</td>
        <td>
          GET WebDriver instance
        </td>
      </tr>
      <tr class="event-row">
        <td><span class="badge log info-bg">Info</span></td>
        <td>7:26:45 pm</td>
        <td>
          All Cookies have been cleaned....
        </td>
      </tr>
      <tr class="event-row">
        <td><span class="badge log fail-bg">Fail</span></td>
        <td>7:26:58 pm</td>
        <td>
          org.openqa.selenium.WebDriverException: no such execution context
  (Session info: chrome=120.0.6099.130)
Build info: version: '4.14.1', revision: '03f8ede370'
System info: os.name: 'Windows 10', os.arch: 'amd64', os.version: '10.0', java.version: '19.0.1'
Driver info: org.openqa.selenium.chrome.ChromeDriver
Command: [ba1aae64bf8f70bf336d5ef9c412ab56, get {url=https://uat-xolairhcp-core.gene.com/allergic-asthma/financial-support/tool/gpf-financial-eligibility.html}]
Capabilities {acceptInsecureCerts: true, browserName: chrome, browserVersion: 120.0.6099.130, chrome: {chromedriverVersion: 120.0.6099.109 (3419140ab66..., userDataDir: C:\Users\VISHAK~1.KHE\AppDa...}, fedcm:accounts: true, goog:chromeOptions: {debuggerAddress: localhost:52227}, networkConnectionEnabled: false, pageLoadStrategy: normal, platformName: windows, proxy: Proxy(), se:cdp: ws://localhost:52227/devtoo..., se:cdpVersion: 120.0.6099.130, setWindowRect: true, strictFileInteractability: false, timeouts: {implicit: 0, pageLoad: 300000, script: 30000}, unhandledPromptBehavior: dismiss and notify, webauthn:extension:credBlob: true, webauthn:extension:largeBlob: true, webauthn:extension:minPinLength: true, webauthn:extension:prf: true, webauthn:virtualAuthenticators: true}
Session ID: ba1aae64bf8f70bf336d5ef9c412ab56
Screencast below: com.aventstack.extentreports.ExtentTest@3cd46491
        </td>
      </tr>
      <tr class="event-row">
        <td><span class="badge log info-bg">Info</span></td>
        <td>7:27:10 pm</td>
        <td>
          GET WebDriver instance
        </td>
      </tr>
      <tr class="event-row">
        <td><span class="badge log info-bg">Info</span></td>
        <td>7:27:11 pm</td>
        <td>
          All Cookies have been cleaned....
        </td>
      </tr>
      <tr class="event-row">
        <td><span class="badge log info-bg">Info</span></td>
        <td>7:27:19 pm</td>
        <td>
          Page navigates to https://uat-xolairhcp-core.gene.com/allergic-asthma/financial-support/tool/gpf-financial-eligibility.html
        </td>
      </tr>
      <tr class="event-row">
        <td><span class="badge log info-bg">Info</span></td>
        <td>7:27:31 pm</td>
        <td>
          GET WebDriver instance
        </td>
      </tr>
      <tr class="event-row">
        <td><span class="badge log info-bg">Info</span></td>
        <td>7:27:31 pm</td>
        <td>
          All Cookies have been cleaned....
        </td>
      </tr>
      <tr class="event-row">
        <td><span class="badge log fail-bg">Fail</span></td>
        <td>7:27:42 pm</td>
        <td>
          org.openqa.selenium.WebDriverException: no such execution context
  (Session info: chrome=120.0.6099.130)
Build info: version: '4.14.1', revision: '03f8ede370'
System info: os.name: 'Windows 10', os.arch: 'amd64', os.version: '10.0', java.version: '19.0.1'
Driver info: org.openqa.selenium.chrome.ChromeDriver
Command: [ba1aae64bf8f70bf336d5ef9c412ab56, get {url=https://uat-xolairhcp-core.gene.com/allergic-asthma/financial-support/tool/gpf-financial-eligibility.html}]
Capabilities {acceptInsecureCerts: true, browserName: chrome, browserVersion: 120.0.6099.130, chrome: {chromedriverVersion: 120.0.6099.109 (3419140ab66..., userDataDir: C:\Users\VISHAK~1.KHE\AppDa...}, fedcm:accounts: true, goog:chromeOptions: {debuggerAddress: localhost:52227}, networkConnectionEnabled: false, pageLoadStrategy: normal, platformName: windows, proxy: Proxy(), se:cdp: ws://localhost:52227/devtoo..., se:cdpVersion: 120.0.6099.130, setWindowRect: true, strictFileInteractability: false, timeouts: {implicit: 0, pageLoad: 300000, script: 30000}, unhandledPromptBehavior: dismiss and notify, webauthn:extension:credBlob: true, webauthn:extension:largeBlob: true, webauthn:extension:minPinLength: true, webauthn:extension:prf: true, webauthn:virtualAuthenticators: true}
Session ID: ba1aae64bf8f70bf336d5ef9c412ab56
Screencast below: com.aventstack.extentreports.ExtentTest@3cd46491
        </td>
      </tr>
      <tr class="event-row">
        <td><span class="badge log info-bg">Info</span></td>
        <td>7:27:56 pm</td>
        <td>
          GET WebDriver instance
        </td>
      </tr>
      <tr class="event-row">
        <td><span class="badge log info-bg">Info</span></td>
        <td>7:27:56 pm</td>
        <td>
          All Cookies have been cleaned....
        </td>
      </tr>
      <tr class="event-row">
        <td><span class="badge log info-bg">Info</span></td>
        <td>7:28:04 pm</td>
        <td>
          Page navigates to https://uat-xolairhcp-core.gene.com/allergic-asthma/financial-support/tool/gpf-financial-eligibility.html
        </td>
      </tr>
      <tr class="event-row">
        <td><span class="badge log info-bg">Info</span></td>
        <td>7:28:18 pm</td>
        <td>
          GET WebDriver instance
        </td>
      </tr>
      <tr class="event-row">
        <td><span class="badge log info-bg">Info</span></td>
        <td>7:28:19 pm</td>
        <td>
          All Cookies have been cleaned....
        </td>
      </tr>
      <tr class="event-row">
        <td><span class="badge log fail-bg">Fail</span></td>
        <td>7:28:30 pm</td>
        <td>
          org.openqa.selenium.WebDriverException: no such execution context
  (Session info: chrome=120.0.6099.130)
Build info: version: '4.14.1', revision: '03f8ede370'
System info: os.name: 'Windows 10', os.arch: 'amd64', os.version: '10.0', java.version: '19.0.1'
Driver info: org.openqa.selenium.chrome.ChromeDriver
Command: [ba1aae64bf8f70bf336d5ef9c412ab56, get {url=https://uat-xolairhcp-core.gene.com/allergic-asthma/financial-support/tool/gpf-financial-eligibility.html}]
Capabilities {acceptInsecureCerts: true, browserName: chrome, browserVersion: 120.0.6099.130, chrome: {chromedriverVersion: 120.0.6099.109 (3419140ab66..., userDataDir: C:\Users\VISHAK~1.KHE\AppDa...}, fedcm:accounts: true, goog:chromeOptions: {debuggerAddress: localhost:52227}, networkConnectionEnabled: false, pageLoadStrategy: normal, platformName: windows, proxy: Proxy(), se:cdp: ws://localhost:52227/devtoo..., se:cdpVersion: 120.0.6099.130, setWindowRect: true, strictFileInteractability: false, timeouts: {implicit: 0, pageLoad: 300000, script: 30000}, unhandledPromptBehavior: dismiss and notify, webauthn:extension:credBlob: true, webauthn:extension:largeBlob: true, webauthn:extension:minPinLength: true, webauthn:extension:prf: true, webauthn:virtualAuthenticators: true}
Session ID: ba1aae64bf8f70bf336d5ef9c412ab56
Screencast below: com.aventstack.extentreports.ExtentTest@3cd46491
        </td>
      </tr>
      <tr class="event-row">
        <td><span class="badge log info-bg">Info</span></td>
        <td>7:28:43 pm</td>
        <td>
          GET WebDriver instance
        </td>
      </tr>
      <tr class="event-row">
        <td><span class="badge log info-bg">Info</span></td>
        <td>7:28:43 pm</td>
        <td>
          All Cookies have been cleaned....
        </td>
      </tr>
      <tr class="event-row">
        <td><span class="badge log fail-bg">Fail</span></td>
        <td>7:28:51 pm</td>
        <td>
          org.openqa.selenium.WebDriverException: no such execution context
  (Session info: chrome=120.0.6099.130)
Build info: version: '4.14.1', revision: '03f8ede370'
System info: os.name: 'Windows 10', os.arch: 'amd64', os.version: '10.0', java.version: '19.0.1'
Driver info: org.openqa.selenium.chrome.ChromeDriver
Command: [ba1aae64bf8f70bf336d5ef9c412ab56, get {url=https://uat-xolairhcp-core.gene.com/allergic-asthma/financial-support/tool/gpf-financial-eligibility.html}]
Capabilities {acceptInsecureCerts: true, browserName: chrome, browserVersion: 120.0.6099.130, chrome: {chromedriverVersion: 120.0.6099.109 (3419140ab66..., userDataDir: C:\Users\VISHAK~1.KHE\AppDa...}, fedcm:accounts: true, goog:chromeOptions: {debuggerAddress: localhost:52227}, networkConnectionEnabled: false, pageLoadStrategy: normal, platformName: windows, proxy: Proxy(), se:cdp: ws://localhost:52227/devtoo..., se:cdpVersion: 120.0.6099.130, setWindowRect: true, strictFileInteractability: false, timeouts: {implicit: 0, pageLoad: 300000, script: 30000}, unhandledPromptBehavior: dismiss and notify, webauthn:extension:credBlob: true, webauthn:extension:largeBlob: true, webauthn:extension:minPinLength: true, webauthn:extension:prf: true, webauthn:virtualAuthenticators: true}
Session ID: ba1aae64bf8f70bf336d5ef9c412ab56
Screencast below: com.aventstack.extentreports.ExtentTest@3cd46491
        </td>
      </tr>
      <tr class="event-row">
        <td><span class="badge log info-bg">Info</span></td>
        <td>7:29:07 pm</td>
        <td>
          GET WebDriver instance
        </td>
      </tr>
      <tr class="event-row">
        <td><span class="badge log info-bg">Info</span></td>
        <td>7:29:07 pm</td>
        <td>
          All Cookies have been cleaned....
        </td>
      </tr>
      <tr class="event-row">
        <td><span class="badge log fail-bg">Fail</span></td>
        <td>7:29:18 pm</td>
        <td>
          org.openqa.selenium.WebDriverException: no such execution context
  (Session info: chrome=120.0.6099.130)
Build info: version: '4.14.1', revision: '03f8ede370'
System info: os.name: 'Windows 10', os.arch: 'amd64', os.version: '10.0', java.version: '19.0.1'
Driver info: org.openqa.selenium.chrome.ChromeDriver
Command: [ba1aae64bf8f70bf336d5ef9c412ab56, get {url=https://uat-xolairhcp-core.gene.com/allergic-asthma/financial-support/tool/gpf-financial-eligibility.html}]
Capabilities {acceptInsecureCerts: true, browserName: chrome, browserVersion: 120.0.6099.130, chrome: {chromedriverVersion: 120.0.6099.109 (3419140ab66..., userDataDir: C:\Users\VISHAK~1.KHE\AppDa...}, fedcm:accounts: true, goog:chromeOptions: {debuggerAddress: localhost:52227}, networkConnectionEnabled: false, pageLoadStrategy: normal, platformName: windows, proxy: Proxy(), se:cdp: ws://localhost:52227/devtoo..., se:cdpVersion: 120.0.6099.130, setWindowRect: true, strictFileInteractability: false, timeouts: {implicit: 0, pageLoad: 300000, script: 30000}, unhandledPromptBehavior: dismiss and notify, webauthn:extension:credBlob: true, webauthn:extension:largeBlob: true, webauthn:extension:minPinLength: true, webauthn:extension:prf: true, webauthn:virtualAuthenticators: true}
Session ID: ba1aae64bf8f70bf336d5ef9c412ab56
Screencast below: com.aventstack.extentreports.ExtentTest@3cd46491
        </td>
      </tr>
      <tr class="event-row">
        <td><span class="badge log info-bg">Info</span></td>
        <td>7:29:36 pm</td>
        <td>
          GET WebDriver instance
        </td>
      </tr>
      <tr class="event-row">
        <td><span class="badge log info-bg">Info</span></td>
        <td>7:29:36 pm</td>
        <td>
          All Cookies have been cleaned....
        </td>
      </tr>
      <tr class="event-row">
        <td><span class="badge log info-bg">Info</span></td>
        <td>7:29:47 pm</td>
        <td>
          Page navigates to https://uat-xolairhcp-core.gene.com/allergic-asthma/financial-support/tool/gpf-financial-eligibility.html
        </td>
      </tr>
      <tr class="event-row">
        <td><span class="badge log info-bg">Info</span></td>
        <td>7:29:58 pm</td>
        <td>
          GET WebDriver instance
        </td>
      </tr>
      <tr class="event-row">
        <td><span class="badge log info-bg">Info</span></td>
        <td>7:29:59 pm</td>
        <td>
          All Cookies have been cleaned....
        </td>
      </tr>
      <tr class="event-row">
        <td><span class="badge log fail-bg">Fail</span></td>
        <td>7:30:09 pm</td>
        <td>
          org.openqa.selenium.WebDriverException: no such execution context
  (Session info: chrome=120.0.6099.130)
Build info: version: '4.14.1', revision: '03f8ede370'
System info: os.name: 'Windows 10', os.arch: 'amd64', os.version: '10.0', java.version: '19.0.1'
Driver info: org.openqa.selenium.chrome.ChromeDriver
Command: [ba1aae64bf8f70bf336d5ef9c412ab56, get {url=https://uat-xolairhcp-core.gene.com/allergic-asthma/financial-support/tool/gpf-financial-eligibility.html}]
Capabilities {acceptInsecureCerts: true, browserName: chrome, browserVersion: 120.0.6099.130, chrome: {chromedriverVersion: 120.0.6099.109 (3419140ab66..., userDataDir: C:\Users\VISHAK~1.KHE\AppDa...}, fedcm:accounts: true, goog:chromeOptions: {debuggerAddress: localhost:52227}, networkConnectionEnabled: false, pageLoadStrategy: normal, platformName: windows, proxy: Proxy(), se:cdp: ws://localhost:52227/devtoo..., se:cdpVersion: 120.0.6099.130, setWindowRect: true, strictFileInteractability: false, timeouts: {implicit: 0, pageLoad: 300000, script: 30000}, unhandledPromptBehavior: dismiss and notify, webauthn:extension:credBlob: true, webauthn:extension:largeBlob: true, webauthn:extension:minPinLength: true, webauthn:extension:prf: true, webauthn:virtualAuthenticators: true}
Session ID: ba1aae64bf8f70bf336d5ef9c412ab56
Screencast below: com.aventstack.extentreports.ExtentTest@3cd46491
        </td>
      </tr>
      <tr class="event-row">
        <td><span class="badge log info-bg">Info</span></td>
        <td>7:30:22 pm</td>
        <td>
          GET WebDriver instance
        </td>
      </tr>
      <tr class="event-row">
        <td><span class="badge log info-bg">Info</span></td>
        <td>7:30:22 pm</td>
        <td>
          All Cookies have been cleaned....
        </td>
      </tr>
      <tr class="event-row">
        <td><span class="badge log fail-bg">Fail</span></td>
        <td>7:30:33 pm</td>
        <td>
          org.openqa.selenium.WebDriverException: no such execution context
  (Session info: chrome=120.0.6099.130)
Build info: version: '4.14.1', revision: '03f8ede370'
System info: os.name: 'Windows 10', os.arch: 'amd64', os.version: '10.0', java.version: '19.0.1'
Driver info: org.openqa.selenium.chrome.ChromeDriver
Command: [ba1aae64bf8f70bf336d5ef9c412ab56, get {url=https://uat-xolairhcp-core.gene.com/allergic-asthma/financial-support/tool/gpf-financial-eligibility.html}]
Capabilities {acceptInsecureCerts: true, browserName: chrome, browserVersion: 120.0.6099.130, chrome: {chromedriverVersion: 120.0.6099.109 (3419140ab66..., userDataDir: C:\Users\VISHAK~1.KHE\AppDa...}, fedcm:accounts: true, goog:chromeOptions: {debuggerAddress: localhost:52227}, networkConnectionEnabled: false, pageLoadStrategy: normal, platformName: windows, proxy: Proxy(), se:cdp: ws://localhost:52227/devtoo..., se:cdpVersion: 120.0.6099.130, setWindowRect: true, strictFileInteractability: false, timeouts: {implicit: 0, pageLoad: 300000, script: 30000}, unhandledPromptBehavior: dismiss and notify, webauthn:extension:credBlob: true, webauthn:extension:largeBlob: true, webauthn:extension:minPinLength: true, webauthn:extension:prf: true, webauthn:virtualAuthenticators: true}
Session ID: ba1aae64bf8f70bf336d5ef9c412ab56
Screencast below: com.aventstack.extentreports.ExtentTest@3cd46491
        </td>
      </tr>
      <tr class="event-row">
        <td><span class="badge log info-bg">Info</span></td>
        <td>7:30:44 pm</td>
        <td>
          GET WebDriver instance
        </td>
      </tr>
      <tr class="event-row">
        <td><span class="badge log info-bg">Info</span></td>
        <td>7:30:44 pm</td>
        <td>
          All Cookies have been cleaned....
        </td>
      </tr>
      <tr class="event-row">
        <td><span class="badge log fail-bg">Fail</span></td>
        <td>7:30:49 pm</td>
        <td>
          org.openqa.selenium.WebDriverException: no such execution context
  (Session info: chrome=120.0.6099.130)
Build info: version: '4.14.1', revision: '03f8ede370'
System info: os.name: 'Windows 10', os.arch: 'amd64', os.version: '10.0', java.version: '19.0.1'
Driver info: org.openqa.selenium.chrome.ChromeDriver
Command: [ba1aae64bf8f70bf336d5ef9c412ab56, get {url=https://uat-xolairhcp-core.gene.com/allergic-asthma/financial-support/tool/gpf-financial-eligibility.html}]
Capabilities {acceptInsecureCerts: true, browserName: chrome, browserVersion: 120.0.6099.130, chrome: {chromedriverVersion: 120.0.6099.109 (3419140ab66..., userDataDir: C:\Users\VISHAK~1.KHE\AppDa...}, fedcm:accounts: true, goog:chromeOptions: {debuggerAddress: localhost:52227}, networkConnectionEnabled: false, pageLoadStrategy: normal, platformName: windows, proxy: Proxy(), se:cdp: ws://localhost:52227/devtoo..., se:cdpVersion: 120.0.6099.130, setWindowRect: true, strictFileInteractability: false, timeouts: {implicit: 0, pageLoad: 300000, script: 30000}, unhandledPromptBehavior: dismiss and notify, webauthn:extension:credBlob: true, webauthn:extension:largeBlob: true, webauthn:extension:minPinLength: true, webauthn:extension:prf: true, webauthn:virtualAuthenticators: true}
Session ID: ba1aae64bf8f70bf336d5ef9c412ab56
Screencast below: com.aventstack.extentreports.ExtentTest@3cd46491
        </td>
      </tr>
      <tr class="event-row">
        <td><span class="badge log info-bg">Info</span></td>
        <td>7:31:04 pm</td>
        <td>
          GET WebDriver instance
        </td>
      </tr>
      <tr class="event-row">
        <td><span class="badge log info-bg">Info</span></td>
        <td>7:31:04 pm</td>
        <td>
          All Cookies have been cleaned....
        </td>
      </tr>
      <tr class="event-row">
        <td><span class="badge log info-bg">Info</span></td>
        <td>7:31:17 pm</td>
        <td>
          Page navigates to https://uat-xolairhcp-core.gene.com/allergic-asthma/financial-support/tool/gpf-financial-eligibility.html
        </td>
      </tr>
      <tr class="event-row">
        <td><span class="badge log info-bg">Info</span></td>
        <td>7:31:29 pm</td>
        <td>
          GET WebDriver instance
        </td>
      </tr>
      <tr class="event-row">
        <td><span class="badge log info-bg">Info</span></td>
        <td>7:31:29 pm</td>
        <td>
          All Cookies have been cleaned....
        </td>
      </tr>
      <tr class="event-row">
        <td><span class="badge log fail-bg">Fail</span></td>
        <td>7:31:39 pm</td>
        <td>
          org.openqa.selenium.WebDriverException: no such execution context
  (Session info: chrome=120.0.6099.130)
Build info: version: '4.14.1', revision: '03f8ede370'
System info: os.name: 'Windows 10', os.arch: 'amd64', os.version: '10.0', java.version: '19.0.1'
Driver info: org.openqa.selenium.chrome.ChromeDriver
Command: [ba1aae64bf8f70bf336d5ef9c412ab56, get {url=https://uat-xolairhcp-core.gene.com/allergic-asthma/financial-support/tool/gpf-financial-eligibility.html}]
Capabilities {acceptInsecureCerts: true, browserName: chrome, browserVersion: 120.0.6099.130, chrome: {chromedriverVersion: 120.0.6099.109 (3419140ab66..., userDataDir: C:\Users\VISHAK~1.KHE\AppDa...}, fedcm:accounts: true, goog:chromeOptions: {debuggerAddress: localhost:52227}, networkConnectionEnabled: false, pageLoadStrategy: normal, platformName: windows, proxy: Proxy(), se:cdp: ws://localhost:52227/devtoo..., se:cdpVersion: 120.0.6099.130, setWindowRect: true, strictFileInteractability: false, timeouts: {implicit: 0, pageLoad: 300000, script: 30000}, unhandledPromptBehavior: dismiss and notify, webauthn:extension:credBlob: true, webauthn:extension:largeBlob: true, webauthn:extension:minPinLength: true, webauthn:extension:prf: true, webauthn:virtualAuthenticators: true}
Session ID: ba1aae64bf8f70bf336d5ef9c412ab56
Screencast below: com.aventstack.extentreports.ExtentTest@3cd46491
        </td>
      </tr>
      <tr class="event-row">
        <td><span class="badge log info-bg">Info</span></td>
        <td>7:31:48 pm</td>
        <td>
          GET WebDriver instance
        </td>
      </tr>
      <tr class="event-row">
        <td><span class="badge log info-bg">Info</span></td>
        <td>7:31:49 pm</td>
        <td>
          All Cookies have been cleaned....
        </td>
      </tr>
      <tr class="event-row">
        <td><span class="badge log fail-bg">Fail</span></td>
        <td>7:32:01 pm</td>
        <td>
          org.openqa.selenium.WebDriverException: no such execution context
  (Session info: chrome=120.0.6099.130)
Build info: version: '4.14.1', revision: '03f8ede370'
System info: os.name: 'Windows 10', os.arch: 'amd64', os.version: '10.0', java.version: '19.0.1'
Driver info: org.openqa.selenium.chrome.ChromeDriver
Command: [ba1aae64bf8f70bf336d5ef9c412ab56, get {url=https://uat-xolairhcp-core.gene.com/allergic-asthma/financial-support/tool/gpf-financial-eligibility.html}]
Capabilities {acceptInsecureCerts: true, browserName: chrome, browserVersion: 120.0.6099.130, chrome: {chromedriverVersion: 120.0.6099.109 (3419140ab66..., userDataDir: C:\Users\VISHAK~1.KHE\AppDa...}, fedcm:accounts: true, goog:chromeOptions: {debuggerAddress: localhost:52227}, networkConnectionEnabled: false, pageLoadStrategy: normal, platformName: windows, proxy: Proxy(), se:cdp: ws://localhost:52227/devtoo..., se:cdpVersion: 120.0.6099.130, setWindowRect: true, strictFileInteractability: false, timeouts: {implicit: 0, pageLoad: 300000, script: 30000}, unhandledPromptBehavior: dismiss and notify, webauthn:extension:credBlob: true, webauthn:extension:largeBlob: true, webauthn:extension:minPinLength: true, webauthn:extension:prf: true, webauthn:virtualAuthenticators: true}
Session ID: ba1aae64bf8f70bf336d5ef9c412ab56
Screencast below: com.aventstack.extentreports.ExtentTest@3cd46491
        </td>
      </tr>
      <tr class="event-row">
        <td><span class="badge log info-bg">Info</span></td>
        <td>7:32:19 pm</td>
        <td>
          GET WebDriver instance
        </td>
      </tr>
      <tr class="event-row">
        <td><span class="badge log info-bg">Info</span></td>
        <td>7:32:19 pm</td>
        <td>
          All Cookies have been cleaned....
        </td>
      </tr>
      <tr class="event-row">
        <td><span class="badge log fail-bg">Fail</span></td>
        <td>7:32:25 pm</td>
        <td>
          org.openqa.selenium.WebDriverException: no such execution context
  (Session info: chrome=120.0.6099.130)
Build info: version: '4.14.1', revision: '03f8ede370'
System info: os.name: 'Windows 10', os.arch: 'amd64', os.version: '10.0', java.version: '19.0.1'
Driver info: org.openqa.selenium.chrome.ChromeDriver
Command: [ba1aae64bf8f70bf336d5ef9c412ab56, get {url=https://uat-xolairhcp-core.gene.com/allergic-asthma/financial-support/tool/gpf-financial-eligibility.html}]
Capabilities {acceptInsecureCerts: true, browserName: chrome, browserVersion: 120.0.6099.130, chrome: {chromedriverVersion: 120.0.6099.109 (3419140ab66..., userDataDir: C:\Users\VISHAK~1.KHE\AppDa...}, fedcm:accounts: true, goog:chromeOptions: {debuggerAddress: localhost:52227}, networkConnectionEnabled: false, pageLoadStrategy: normal, platformName: windows, proxy: Proxy(), se:cdp: ws://localhost:52227/devtoo..., se:cdpVersion: 120.0.6099.130, setWindowRect: true, strictFileInteractability: false, timeouts: {implicit: 0, pageLoad: 300000, script: 30000}, unhandledPromptBehavior: dismiss and notify, webauthn:extension:credBlob: true, webauthn:extension:largeBlob: true, webauthn:extension:minPinLength: true, webauthn:extension:prf: true, webauthn:virtualAuthenticators: true}
Session ID: ba1aae64bf8f70bf336d5ef9c412ab56
Screencast below: com.aventstack.extentreports.ExtentTest@3cd46491
        </td>
      </tr>
      <tr class="event-row">
        <td><span class="badge log info-bg">Info</span></td>
        <td>7:32:35 pm</td>
        <td>
          GET WebDriver instance
        </td>
      </tr>
      <tr class="event-row">
        <td><span class="badge log info-bg">Info</span></td>
        <td>7:32:36 pm</td>
        <td>
          All Cookies have been cleaned....
        </td>
      </tr>
      <tr class="event-row">
        <td><span class="badge log fail-bg">Fail</span></td>
        <td>7:32:44 pm</td>
        <td>
          org.openqa.selenium.WebDriverException: no such execution context
  (Session info: chrome=120.0.6099.130)
Build info: version: '4.14.1', revision: '03f8ede370'
System info: os.name: 'Windows 10', os.arch: 'amd64', os.version: '10.0', java.version: '19.0.1'
Driver info: org.openqa.selenium.chrome.ChromeDriver
Command: [ba1aae64bf8f70bf336d5ef9c412ab56, get {url=https://uat-xolairhcp-core.gene.com/allergic-asthma/financial-support/tool/gpf-financial-eligibility.html}]
Capabilities {acceptInsecureCerts: true, browserName: chrome, browserVersion: 120.0.6099.130, chrome: {chromedriverVersion: 120.0.6099.109 (3419140ab66..., userDataDir: C:\Users\VISHAK~1.KHE\AppDa...}, fedcm:accounts: true, goog:chromeOptions: {debuggerAddress: localhost:52227}, networkConnectionEnabled: false, pageLoadStrategy: normal, platformName: windows, proxy: Proxy(), se:cdp: ws://localhost:52227/devtoo..., se:cdpVersion: 120.0.6099.130, setWindowRect: true, strictFileInteractability: false, timeouts: {implicit: 0, pageLoad: 300000, script: 30000}, unhandledPromptBehavior: dismiss and notify, webauthn:extension:credBlob: true, webauthn:extension:largeBlob: true, webauthn:extension:minPinLength: true, webauthn:extension:prf: true, webauthn:virtualAuthenticators: true}
Session ID: ba1aae64bf8f70bf336d5ef9c412ab56
Screencast below: com.aventstack.extentreports.ExtentTest@3cd46491
        </td>
      </tr>
      <tr class="event-row">
        <td><span class="badge log info-bg">Info</span></td>
        <td>7:33:00 pm</td>
        <td>
          GET WebDriver instance
        </td>
      </tr>
      <tr class="event-row">
        <td><span class="badge log info-bg">Info</span></td>
        <td>7:33:00 pm</td>
        <td>
          All Cookies have been cleaned....
        </td>
      </tr>
      <tr class="event-row">
        <td><span class="badge log info-bg">Info</span></td>
        <td>7:33:10 pm</td>
        <td>
          Page navigates to https://uat-xolairhcp-core.gene.com/allergic-asthma/financial-support/tool/gpf-financial-eligibility.html
        </td>
      </tr>
      <tr class="event-row">
        <td><span class="badge log info-bg">Info</span></td>
        <td>7:33:20 pm</td>
        <td>
          GET WebDriver instance
        </td>
      </tr>
      <tr class="event-row">
        <td><span class="badge log info-bg">Info</span></td>
        <td>7:33:20 pm</td>
        <td>
          All Cookies have been cleaned....
        </td>
      </tr>
      <tr class="event-row">
        <td><span class="badge log info-bg">Info</span></td>
        <td>7:33:26 pm</td>
        <td>
          Page navigates to https://uat-xolairhcp-core.gene.com/allergic-asthma/financial-support/tool/gpf-financial-eligibility.html
        </td>
      </tr>
      <tr class="event-row">
        <td><span class="badge log info-bg">Info</span></td>
        <td>7:33:36 pm</td>
        <td>
          GET WebDriver instance
        </td>
      </tr>
      <tr class="event-row">
        <td><span class="badge log info-bg">Info</span></td>
        <td>7:33:36 pm</td>
        <td>
          All Cookies have been cleaned....
        </td>
      </tr>
      <tr class="event-row">
        <td><span class="badge log info-bg">Info</span></td>
        <td>7:33:47 pm</td>
        <td>
          Page navigates to https://uat-xolairhcp-core.gene.com/allergic-asthma/financial-support/tool/gpf-financial-eligibility.html
        </td>
      </tr>
      <tr class="event-row">
        <td><span class="badge log info-bg">Info</span></td>
        <td>7:34:05 pm</td>
        <td>
          GET WebDriver instance
        </td>
      </tr>
      <tr class="event-row">
        <td><span class="badge log info-bg">Info</span></td>
        <td>7:34:05 pm</td>
        <td>
          All Cookies have been cleaned....
        </td>
      </tr>
      <tr class="event-row">
        <td><span class="badge log info-bg">Info</span></td>
        <td>7:34:13 pm</td>
        <td>
          Page navigates to https://uat-xolairhcp-core.gene.com/allergic-asthma/financial-support/tool/gpf-financial-eligibility.html
        </td>
      </tr>
      <tr class="event-row">
        <td><span class="badge log info-bg">Info</span></td>
        <td>7:34:38 pm</td>
        <td>
          GET WebDriver instance
        </td>
      </tr>
      <tr class="event-row">
        <td><span class="badge log info-bg">Info</span></td>
        <td>7:34:38 pm</td>
        <td>
          All Cookies have been cleaned....
        </td>
      </tr>
      <tr class="event-row">
        <td><span class="badge log fail-bg">Fail</span></td>
        <td>7:34:54 pm</td>
        <td>
          org.openqa.selenium.WebDriverException: no such execution context
  (Session info: chrome=120.0.6099.130)
Build info: version: '4.14.1', revision: '03f8ede370'
System info: os.name: 'Windows 10', os.arch: 'amd64', os.version: '10.0', java.version: '19.0.1'
Driver info: org.openqa.selenium.chrome.ChromeDriver
Command: [ba1aae64bf8f70bf336d5ef9c412ab56, get {url=https://uat-xolairhcp-core.gene.com/allergic-asthma/financial-support/tool/gpf-financial-eligibility.html}]
Capabilities {acceptInsecureCerts: true, browserName: chrome, browserVersion: 120.0.6099.130, chrome: {chromedriverVersion: 120.0.6099.109 (3419140ab66..., userDataDir: C:\Users\VISHAK~1.KHE\AppDa...}, fedcm:accounts: true, goog:chromeOptions: {debuggerAddress: localhost:52227}, networkConnectionEnabled: false, pageLoadStrategy: normal, platformName: windows, proxy: Proxy(), se:cdp: ws://localhost:52227/devtoo..., se:cdpVersion: 120.0.6099.130, setWindowRect: true, strictFileInteractability: false, timeouts: {implicit: 0, pageLoad: 300000, script: 30000}, unhandledPromptBehavior: dismiss and notify, webauthn:extension:credBlob: true, webauthn:extension:largeBlob: true, webauthn:extension:minPinLength: true, webauthn:extension:prf: true, webauthn:virtualAuthenticators: true}
Session ID: ba1aae64bf8f70bf336d5ef9c412ab56
Screencast below: com.aventstack.extentreports.ExtentTest@3cd46491
        </td>
      </tr>
      <tr class="event-row">
        <td><span class="badge log info-bg">Info</span></td>
        <td>7:35:03 pm</td>
        <td>
          GET WebDriver instance
        </td>
      </tr>
      <tr class="event-row">
        <td><span class="badge log info-bg">Info</span></td>
        <td>7:35:03 pm</td>
        <td>
          All Cookies have been cleaned....
        </td>
      </tr>
      <tr class="event-row">
        <td><span class="badge log fail-bg">Fail</span></td>
        <td>7:35:10 pm</td>
        <td>
          org.openqa.selenium.WebDriverException: no such execution context
  (Session info: chrome=120.0.6099.130)
Build info: version: '4.14.1', revision: '03f8ede370'
System info: os.name: 'Windows 10', os.arch: 'amd64', os.version: '10.0', java.version: '19.0.1'
Driver info: org.openqa.selenium.chrome.ChromeDriver
Command: [ba1aae64bf8f70bf336d5ef9c412ab56, get {url=https://uat-xolairhcp-core.gene.com/allergic-asthma/financial-support/tool/gpf-financial-eligibility.html}]
Capabilities {acceptInsecureCerts: true, browserName: chrome, browserVersion: 120.0.6099.130, chrome: {chromedriverVersion: 120.0.6099.109 (3419140ab66..., userDataDir: C:\Users\VISHAK~1.KHE\AppDa...}, fedcm:accounts: true, goog:chromeOptions: {debuggerAddress: localhost:52227}, networkConnectionEnabled: false, pageLoadStrategy: normal, platformName: windows, proxy: Proxy(), se:cdp: ws://localhost:52227/devtoo..., se:cdpVersion: 120.0.6099.130, setWindowRect: true, strictFileInteractability: false, timeouts: {implicit: 0, pageLoad: 300000, script: 30000}, unhandledPromptBehavior: dismiss and notify, webauthn:extension:credBlob: true, webauthn:extension:largeBlob: true, webauthn:extension:minPinLength: true, webauthn:extension:prf: true, webauthn:virtualAuthenticators: true}
Session ID: ba1aae64bf8f70bf336d5ef9c412ab56
Screencast below: com.aventstack.extentreports.ExtentTest@3cd46491
        </td>
      </tr>
      <tr class="event-row">
        <td><span class="badge log info-bg">Info</span></td>
        <td>7:35:25 pm</td>
        <td>
          GET WebDriver instance
        </td>
      </tr>
      <tr class="event-row">
        <td><span class="badge log info-bg">Info</span></td>
        <td>7:35:25 pm</td>
        <td>
          All Cookies have been cleaned....
        </td>
      </tr>
      <tr class="event-row">
        <td><span class="badge log info-bg">Info</span></td>
        <td>7:35:39 pm</td>
        <td>
          Page navigates to https://uat-xolairhcp-core.gene.com/allergic-asthma/financial-support/tool/gpf-financial-eligibility.html
        </td>
      </tr>
      <tr class="event-row">
        <td><span class="badge log info-bg">Info</span></td>
        <td>7:35:51 pm</td>
        <td>
          GET WebDriver instance
        </td>
      </tr>
      <tr class="event-row">
        <td><span class="badge log info-bg">Info</span></td>
        <td>7:35:51 pm</td>
        <td>
          All Cookies have been cleaned....
        </td>
      </tr>
      <tr class="event-row">
        <td><span class="badge log fail-bg">Fail</span></td>
        <td>7:35:56 pm</td>
        <td>
          org.openqa.selenium.WebDriverException: no such execution context
  (Session info: chrome=120.0.6099.130)
Build info: version: '4.14.1', revision: '03f8ede370'
System info: os.name: 'Windows 10', os.arch: 'amd64', os.version: '10.0', java.version: '19.0.1'
Driver info: org.openqa.selenium.chrome.ChromeDriver
Command: [ba1aae64bf8f70bf336d5ef9c412ab56, get {url=https://uat-xolairhcp-core.gene.com/allergic-asthma/financial-support/tool/gpf-financial-eligibility.html}]
Capabilities {acceptInsecureCerts: true, browserName: chrome, browserVersion: 120.0.6099.130, chrome: {chromedriverVersion: 120.0.6099.109 (3419140ab66..., userDataDir: C:\Users\VISHAK~1.KHE\AppDa...}, fedcm:accounts: true, goog:chromeOptions: {debuggerAddress: localhost:52227}, networkConnectionEnabled: false, pageLoadStrategy: normal, platformName: windows, proxy: Proxy(), se:cdp: ws://localhost:52227/devtoo..., se:cdpVersion: 120.0.6099.130, setWindowRect: true, strictFileInteractability: false, timeouts: {implicit: 0, pageLoad: 300000, script: 30000}, unhandledPromptBehavior: dismiss and notify, webauthn:extension:credBlob: true, webauthn:extension:largeBlob: true, webauthn:extension:minPinLength: true, webauthn:extension:prf: true, webauthn:virtualAuthenticators: true}
Session ID: ba1aae64bf8f70bf336d5ef9c412ab56
Screencast below: com.aventstack.extentreports.ExtentTest@3cd46491
        </td>
      </tr>
      <tr class="event-row">
        <td><span class="badge log info-bg">Info</span></td>
        <td>7:36:07 pm</td>
        <td>
          GET WebDriver instance
        </td>
      </tr>
      <tr class="event-row">
        <td><span class="badge log info-bg">Info</span></td>
        <td>7:36:07 pm</td>
        <td>
          All Cookies have been cleaned....
        </td>
      </tr>
      <tr class="event-row">
        <td><span class="badge log info-bg">Info</span></td>
        <td>7:36:20 pm</td>
        <td>
          Page navigates to https://uat-xolairhcp-core.gene.com/allergic-asthma/financial-support/tool/gpf-financial-eligibility.html
        </td>
      </tr>
      <tr class="event-row">
        <td><span class="badge log info-bg">Info</span></td>
        <td>7:36:28 pm</td>
        <td>
          GET WebDriver instance
        </td>
      </tr>
      <tr class="event-row">
        <td><span class="badge log info-bg">Info</span></td>
        <td>7:36:29 pm</td>
        <td>
          All Cookies have been cleaned....
        </td>
      </tr>
      <tr class="event-row">
        <td><span class="badge log fail-bg">Fail</span></td>
        <td>7:36:36 pm</td>
        <td>
          org.openqa.selenium.WebDriverException: no such execution context
  (Session info: chrome=120.0.6099.130)
Build info: version: '4.14.1', revision: '03f8ede370'
System info: os.name: 'Windows 10', os.arch: 'amd64', os.version: '10.0', java.version: '19.0.1'
Driver info: org.openqa.selenium.chrome.ChromeDriver
Command: [ba1aae64bf8f70bf336d5ef9c412ab56, get {url=https://uat-xolairhcp-core.gene.com/allergic-asthma/financial-support/tool/gpf-financial-eligibility.html}]
Capabilities {acceptInsecureCerts: true, browserName: chrome, browserVersion: 120.0.6099.130, chrome: {chromedriverVersion: 120.0.6099.109 (3419140ab66..., userDataDir: C:\Users\VISHAK~1.KHE\AppDa...}, fedcm:accounts: true, goog:chromeOptions: {debuggerAddress: localhost:52227}, networkConnectionEnabled: false, pageLoadStrategy: normal, platformName: windows, proxy: Proxy(), se:cdp: ws://localhost:52227/devtoo..., se:cdpVersion: 120.0.6099.130, setWindowRect: true, strictFileInteractability: false, timeouts: {implicit: 0, pageLoad: 300000, script: 30000}, unhandledPromptBehavior: dismiss and notify, webauthn:extension:credBlob: true, webauthn:extension:largeBlob: true, webauthn:extension:minPinLength: true, webauthn:extension:prf: true, webauthn:virtualAuthenticators: true}
Session ID: ba1aae64bf8f70bf336d5ef9c412ab56
Screencast below: com.aventstack.extentreports.ExtentTest@3cd46491
        </td>
      </tr>
      <tr class="event-row">
        <td><span class="badge log info-bg">Info</span></td>
        <td>7:36:46 pm</td>
        <td>
          GET WebDriver instance
        </td>
      </tr>
      <tr class="event-row">
        <td><span class="badge log info-bg">Info</span></td>
        <td>7:36:46 pm</td>
        <td>
          All Cookies have been cleaned....
        </td>
      </tr>
      <tr class="event-row">
        <td><span class="badge log info-bg">Info</span></td>
        <td>7:36:53 pm</td>
        <td>
          Page navigates to https://uat-xolairhcp-core.gene.com/allergic-asthma/financial-support/tool/gpf-financial-eligibility.html
        </td>
      </tr>
      <tr class="event-row">
        <td><span class="badge log info-bg">Info</span></td>
        <td>7:37:00 pm</td>
        <td>
          GET WebDriver instance
        </td>
      </tr>
      <tr class="event-row">
        <td><span class="badge log info-bg">Info</span></td>
        <td>7:37:00 pm</td>
        <td>
          All Cookies have been cleaned....
        </td>
      </tr>
      <tr class="event-row">
        <td><span class="badge log info-bg">Info</span></td>
        <td>7:37:14 pm</td>
        <td>
          Page navigates to https://uat-xolairhcp-core.gene.com/allergic-asthma/financial-support/tool/gpf-financial-eligibility.html
        </td>
      </tr>
      <tr class="event-row">
        <td><span class="badge log info-bg">Info</span></td>
        <td>7:37:35 pm</td>
        <td>
          GET WebDriver instance
        </td>
      </tr>
      <tr class="event-row">
        <td><span class="badge log info-bg">Info</span></td>
        <td>7:37:36 pm</td>
        <td>
          All Cookies have been cleaned....
        </td>
      </tr>
      <tr class="event-row">
        <td><span class="badge log info-bg">Info</span></td>
        <td>7:37:53 pm</td>
        <td>
          Page navigates to https://uat-xolairhcp-core.gene.com/allergic-asthma/financial-support/tool/gpf-financial-eligibility.html
        </td>
      </tr>
      <tr class="event-row">
        <td><span class="badge log info-bg">Info</span></td>
        <td>7:38:09 pm</td>
        <td>
          GET WebDriver instance
        </td>
      </tr>
      <tr class="event-row">
        <td><span class="badge log info-bg">Info</span></td>
        <td>7:38:09 pm</td>
        <td>
          All Cookies have been cleaned....
        </td>
      </tr>
      <tr class="event-row">
        <td><span class="badge log fail-bg">Fail</span></td>
        <td>7:38:20 pm</td>
        <td>
          org.openqa.selenium.WebDriverException: no such execution context
  (Session info: chrome=120.0.6099.130)
Build info: version: '4.14.1', revision: '03f8ede370'
System info: os.name: 'Windows 10', os.arch: 'amd64', os.version: '10.0', java.version: '19.0.1'
Driver info: org.openqa.selenium.chrome.ChromeDriver
Command: [ba1aae64bf8f70bf336d5ef9c412ab56, get {url=https://uat-xolairhcp-core.gene.com/allergic-asthma/financial-support/tool/gpf-financial-eligibility.html}]
Capabilities {acceptInsecureCerts: true, browserName: chrome, browserVersion: 120.0.6099.130, chrome: {chromedriverVersion: 120.0.6099.109 (3419140ab66..., userDataDir: C:\Users\VISHAK~1.KHE\AppDa...}, fedcm:accounts: true, goog:chromeOptions: {debuggerAddress: localhost:52227}, networkConnectionEnabled: false, pageLoadStrategy: normal, platformName: windows, proxy: Proxy(), se:cdp: ws://localhost:52227/devtoo..., se:cdpVersion: 120.0.6099.130, setWindowRect: true, strictFileInteractability: false, timeouts: {implicit: 0, pageLoad: 300000, script: 30000}, unhandledPromptBehavior: dismiss and notify, webauthn:extension:credBlob: true, webauthn:extension:largeBlob: true, webauthn:extension:minPinLength: true, webauthn:extension:prf: true, webauthn:virtualAuthenticators: true}
Session ID: ba1aae64bf8f70bf336d5ef9c412ab56
Screencast below: com.aventstack.extentreports.ExtentTest@3cd46491
        </td>
      </tr>
      <tr class="event-row">
        <td><span class="badge log info-bg">Info</span></td>
        <td>7:38:34 pm</td>
        <td>
          GET WebDriver instance
        </td>
      </tr>
      <tr class="event-row">
        <td><span class="badge log info-bg">Info</span></td>
        <td>7:38:34 pm</td>
        <td>
          All Cookies have been cleaned....
        </td>
      </tr>
      <tr class="event-row">
        <td><span class="badge log fail-bg">Fail</span></td>
        <td>7:38:45 pm</td>
        <td>
          org.openqa.selenium.WebDriverException: no such execution context
  (Session info: chrome=120.0.6099.130)
Build info: version: '4.14.1', revision: '03f8ede370'
System info: os.name: 'Windows 10', os.arch: 'amd64', os.version: '10.0', java.version: '19.0.1'
Driver info: org.openqa.selenium.chrome.ChromeDriver
Command: [ba1aae64bf8f70bf336d5ef9c412ab56, get {url=https://uat-xolairhcp-core.gene.com/allergic-asthma/financial-support/tool/gpf-financial-eligibility.html}]
Capabilities {acceptInsecureCerts: true, browserName: chrome, browserVersion: 120.0.6099.130, chrome: {chromedriverVersion: 120.0.6099.109 (3419140ab66..., userDataDir: C:\Users\VISHAK~1.KHE\AppDa...}, fedcm:accounts: true, goog:chromeOptions: {debuggerAddress: localhost:52227}, networkConnectionEnabled: false, pageLoadStrategy: normal, platformName: windows, proxy: Proxy(), se:cdp: ws://localhost:52227/devtoo..., se:cdpVersion: 120.0.6099.130, setWindowRect: true, strictFileInteractability: false, timeouts: {implicit: 0, pageLoad: 300000, script: 30000}, unhandledPromptBehavior: dismiss and notify, webauthn:extension:credBlob: true, webauthn:extension:largeBlob: true, webauthn:extension:minPinLength: true, webauthn:extension:prf: true, webauthn:virtualAuthenticators: true}
Session ID: ba1aae64bf8f70bf336d5ef9c412ab56
Screencast below: com.aventstack.extentreports.ExtentTest@3cd46491
        </td>
      </tr>
      <tr class="event-row">
        <td><span class="badge log info-bg">Info</span></td>
        <td>7:38:58 pm</td>
        <td>
          GET WebDriver instance
        </td>
      </tr>
      <tr class="event-row">
        <td><span class="badge log info-bg">Info</span></td>
        <td>7:38:58 pm</td>
        <td>
          All Cookies have been cleaned....
        </td>
      </tr>
      <tr class="event-row">
        <td><span class="badge log info-bg">Info</span></td>
        <td>7:39:11 pm</td>
        <td>
          Page navigates to https://uat-xolairhcp-core.gene.com/allergic-asthma/financial-support/tool/gpf-financial-eligibility.html
        </td>
      </tr>
      <tr class="event-row">
        <td><span class="badge log info-bg">Info</span></td>
        <td>7:39:27 pm</td>
        <td>
          GET WebDriver instance
        </td>
      </tr>
      <tr class="event-row">
        <td><span class="badge log info-bg">Info</span></td>
        <td>7:39:27 pm</td>
        <td>
          All Cookies have been cleaned....
        </td>
      </tr>
      <tr class="event-row">
        <td><span class="badge log fail-bg">Fail</span></td>
        <td>7:39:37 pm</td>
        <td>
          org.openqa.selenium.WebDriverException: no such execution context
  (Session info: chrome=120.0.6099.130)
Build info: version: '4.14.1', revision: '03f8ede370'
System info: os.name: 'Windows 10', os.arch: 'amd64', os.version: '10.0', java.version: '19.0.1'
Driver info: org.openqa.selenium.chrome.ChromeDriver
Command: [ba1aae64bf8f70bf336d5ef9c412ab56, get {url=https://uat-xolairhcp-core.gene.com/allergic-asthma/financial-support/tool/gpf-financial-eligibility.html}]
Capabilities {acceptInsecureCerts: true, browserName: chrome, browserVersion: 120.0.6099.130, chrome: {chromedriverVersion: 120.0.6099.109 (3419140ab66..., userDataDir: C:\Users\VISHAK~1.KHE\AppDa...}, fedcm:accounts: true, goog:chromeOptions: {debuggerAddress: localhost:52227}, networkConnectionEnabled: false, pageLoadStrategy: normal, platformName: windows, proxy: Proxy(), se:cdp: ws://localhost:52227/devtoo..., se:cdpVersion: 120.0.6099.130, setWindowRect: true, strictFileInteractability: false, timeouts: {implicit: 0, pageLoad: 300000, script: 30000}, unhandledPromptBehavior: dismiss and notify, webauthn:extension:credBlob: true, webauthn:extension:largeBlob: true, webauthn:extension:minPinLength: true, webauthn:extension:prf: true, webauthn:virtualAuthenticators: true}
Session ID: ba1aae64bf8f70bf336d5ef9c412ab56
Screencast below: com.aventstack.extentreports.ExtentTest@3cd46491
        </td>
      </tr>
      <tr class="event-row">
        <td><span class="badge log info-bg">Info</span></td>
        <td>7:39:46 pm</td>
        <td>
          GET WebDriver instance
        </td>
      </tr>
      <tr class="event-row">
        <td><span class="badge log info-bg">Info</span></td>
        <td>7:39:47 pm</td>
        <td>
          All Cookies have been cleaned....
        </td>
      </tr>
      <tr class="event-row">
        <td><span class="badge log info-bg">Info</span></td>
        <td>7:40:04 pm</td>
        <td>
          Page navigates to https://uat-xolairhcp-core.gene.com/allergic-asthma/financial-support/tool/gpf-financial-eligibility.html
        </td>
      </tr>
      <tr class="event-row">
        <td><span class="badge log info-bg">Info</span></td>
        <td>7:40:11 pm</td>
        <td>
          GET WebDriver instance
        </td>
      </tr>
      <tr class="event-row">
        <td><span class="badge log info-bg">Info</span></td>
        <td>7:40:12 pm</td>
        <td>
          All Cookies have been cleaned....
        </td>
      </tr>
      <tr class="event-row">
        <td><span class="badge log fail-bg">Fail</span></td>
        <td>7:40:28 pm</td>
        <td>
          org.openqa.selenium.WebDriverException: no such execution context
  (Session info: chrome=120.0.6099.130)
Build info: version: '4.14.1', revision: '03f8ede370'
System info: os.name: 'Windows 10', os.arch: 'amd64', os.version: '10.0', java.version: '19.0.1'
Driver info: org.openqa.selenium.chrome.ChromeDriver
Command: [ba1aae64bf8f70bf336d5ef9c412ab56, get {url=https://uat-xolairhcp-core.gene.com/allergic-asthma/financial-support/tool/gpf-financial-eligibility.html}]
Capabilities {acceptInsecureCerts: true, browserName: chrome, browserVersion: 120.0.6099.130, chrome: {chromedriverVersion: 120.0.6099.109 (3419140ab66..., userDataDir: C:\Users\VISHAK~1.KHE\AppDa...}, fedcm:accounts: true, goog:chromeOptions: {debuggerAddress: localhost:52227}, networkConnectionEnabled: false, pageLoadStrategy: normal, platformName: windows, proxy: Proxy(), se:cdp: ws://localhost:52227/devtoo..., se:cdpVersion: 120.0.6099.130, setWindowRect: true, strictFileInteractability: false, timeouts: {implicit: 0, pageLoad: 300000, script: 30000}, unhandledPromptBehavior: dismiss and notify, webauthn:extension:credBlob: true, webauthn:extension:largeBlob: true, webauthn:extension:minPinLength: true, webauthn:extension:prf: true, webauthn:virtualAuthenticators: true}
Session ID: ba1aae64bf8f70bf336d5ef9c412ab56
Screencast below: com.aventstack.extentreports.ExtentTest@3cd46491
        </td>
      </tr>
      <tr class="event-row">
        <td><span class="badge log info-bg">Info</span></td>
        <td>7:40:44 pm</td>
        <td>
          GET WebDriver instance
        </td>
      </tr>
      <tr class="event-row">
        <td><span class="badge log info-bg">Info</span></td>
        <td>7:40:44 pm</td>
        <td>
          All Cookies have been cleaned....
        </td>
      </tr>
      <tr class="event-row">
        <td><span class="badge log info-bg">Info</span></td>
        <td>7:40:58 pm</td>
        <td>
          Page navigates to https://uat-xolairhcp-core.gene.com/allergic-asthma/financial-support/tool/gpf-financial-eligibility.html
        </td>
      </tr>
      <tr class="event-row">
        <td><span class="badge log info-bg">Info</span></td>
        <td>7:41:12 pm</td>
        <td>
          GET WebDriver instance
        </td>
      </tr>
      <tr class="event-row">
        <td><span class="badge log info-bg">Info</span></td>
        <td>7:41:12 pm</td>
        <td>
          All Cookies have been cleaned....
        </td>
      </tr>
      <tr class="event-row">
        <td><span class="badge log info-bg">Info</span></td>
        <td>7:41:25 pm</td>
        <td>
          Page navigates to https://uat-xolairhcp-core.gene.com/allergic-asthma/financial-support/tool/gpf-financial-eligibility.html
        </td>
      </tr>
      <tr class="event-row">
        <td><span class="badge log info-bg">Info</span></td>
        <td>7:41:33 pm</td>
        <td>
          GET WebDriver instance
        </td>
      </tr>
      <tr class="event-row">
        <td><span class="badge log info-bg">Info</span></td>
        <td>7:41:33 pm</td>
        <td>
          All Cookies have been cleaned....
        </td>
      </tr>
      <tr class="event-row">
        <td><span class="badge log fail-bg">Fail</span></td>
        <td>7:41:45 pm</td>
        <td>
          org.openqa.selenium.WebDriverException: no such execution context
  (Session info: chrome=120.0.6099.130)
Build info: version: '4.14.1', revision: '03f8ede370'
System info: os.name: 'Windows 10', os.arch: 'amd64', os.version: '10.0', java.version: '19.0.1'
Driver info: org.openqa.selenium.chrome.ChromeDriver
Command: [ba1aae64bf8f70bf336d5ef9c412ab56, get {url=https://uat-xolairhcp-core.gene.com/allergic-asthma/financial-support/tool/gpf-financial-eligibility.html}]
Capabilities {acceptInsecureCerts: true, browserName: chrome, browserVersion: 120.0.6099.130, chrome: {chromedriverVersion: 120.0.6099.109 (3419140ab66..., userDataDir: C:\Users\VISHAK~1.KHE\AppDa...}, fedcm:accounts: true, goog:chromeOptions: {debuggerAddress: localhost:52227}, networkConnectionEnabled: false, pageLoadStrategy: normal, platformName: windows, proxy: Proxy(), se:cdp: ws://localhost:52227/devtoo..., se:cdpVersion: 120.0.6099.130, setWindowRect: true, strictFileInteractability: false, timeouts: {implicit: 0, pageLoad: 300000, script: 30000}, unhandledPromptBehavior: dismiss and notify, webauthn:extension:credBlob: true, webauthn:extension:largeBlob: true, webauthn:extension:minPinLength: true, webauthn:extension:prf: true, webauthn:virtualAuthenticators: true}
Session ID: ba1aae64bf8f70bf336d5ef9c412ab56
Screencast below: com.aventstack.extentreports.ExtentTest@3cd46491
        </td>
      </tr>
      <tr class="event-row">
        <td><span class="badge log info-bg">Info</span></td>
        <td>7:42:01 pm</td>
        <td>
          GET WebDriver instance
        </td>
      </tr>
      <tr class="event-row">
        <td><span class="badge log info-bg">Info</span></td>
        <td>7:42:01 pm</td>
        <td>
          All Cookies have been cleaned....
        </td>
      </tr>
      <tr class="event-row">
        <td><span class="badge log fail-bg">Fail</span></td>
        <td>7:42:12 pm</td>
        <td>
          org.openqa.selenium.WebDriverException: no such execution context
  (Session info: chrome=120.0.6099.130)
Build info: version: '4.14.1', revision: '03f8ede370'
System info: os.name: 'Windows 10', os.arch: 'amd64', os.version: '10.0', java.version: '19.0.1'
Driver info: org.openqa.selenium.chrome.ChromeDriver
Command: [ba1aae64bf8f70bf336d5ef9c412ab56, get {url=https://uat-xolairhcp-core.gene.com/allergic-asthma/financial-support/tool/gpf-financial-eligibility.html}]
Capabilities {acceptInsecureCerts: true, browserName: chrome, browserVersion: 120.0.6099.130, chrome: {chromedriverVersion: 120.0.6099.109 (3419140ab66..., userDataDir: C:\Users\VISHAK~1.KHE\AppDa...}, fedcm:accounts: true, goog:chromeOptions: {debuggerAddress: localhost:52227}, networkConnectionEnabled: false, pageLoadStrategy: normal, platformName: windows, proxy: Proxy(), se:cdp: ws://localhost:52227/devtoo..., se:cdpVersion: 120.0.6099.130, setWindowRect: true, strictFileInteractability: false, timeouts: {implicit: 0, pageLoad: 300000, script: 30000}, unhandledPromptBehavior: dismiss and notify, webauthn:extension:credBlob: true, webauthn:extension:largeBlob: true, webauthn:extension:minPinLength: true, webauthn:extension:prf: true, webauthn:virtualAuthenticators: true}
Session ID: ba1aae64bf8f70bf336d5ef9c412ab56
Screencast below: com.aventstack.extentreports.ExtentTest@3cd46491
        </td>
      </tr>
      <tr class="event-row">
        <td><span class="badge log info-bg">Info</span></td>
        <td>7:42:24 pm</td>
        <td>
          GET WebDriver instance
        </td>
      </tr>
      <tr class="event-row">
        <td><span class="badge log info-bg">Info</span></td>
        <td>7:42:24 pm</td>
        <td>
          All Cookies have been cleaned....
        </td>
      </tr>
      <tr class="event-row">
        <td><span class="badge log fail-bg">Fail</span></td>
        <td>7:42:38 pm</td>
        <td>
          org.openqa.selenium.WebDriverException: no such execution context
  (Session info: chrome=120.0.6099.130)
Build info: version: '4.14.1', revision: '03f8ede370'
System info: os.name: 'Windows 10', os.arch: 'amd64', os.version: '10.0', java.version: '19.0.1'
Driver info: org.openqa.selenium.chrome.ChromeDriver
Command: [ba1aae64bf8f70bf336d5ef9c412ab56, get {url=https://uat-xolairhcp-core.gene.com/allergic-asthma/financial-support/tool/gpf-financial-eligibility.html}]
Capabilities {acceptInsecureCerts: true, browserName: chrome, browserVersion: 120.0.6099.130, chrome: {chromedriverVersion: 120.0.6099.109 (3419140ab66..., userDataDir: C:\Users\VISHAK~1.KHE\AppDa...}, fedcm:accounts: true, goog:chromeOptions: {debuggerAddress: localhost:52227}, networkConnectionEnabled: false, pageLoadStrategy: normal, platformName: windows, proxy: Proxy(), se:cdp: ws://localhost:52227/devtoo..., se:cdpVersion: 120.0.6099.130, setWindowRect: true, strictFileInteractability: false, timeouts: {implicit: 0, pageLoad: 300000, script: 30000}, unhandledPromptBehavior: dismiss and notify, webauthn:extension:credBlob: true, webauthn:extension:largeBlob: true, webauthn:extension:minPinLength: true, webauthn:extension:prf: true, webauthn:virtualAuthenticators: true}
Session ID: ba1aae64bf8f70bf336d5ef9c412ab56
Screencast below: com.aventstack.extentreports.ExtentTest@3cd46491
        </td>
      </tr>
      <tr class="event-row">
        <td><span class="badge log info-bg">Info</span></td>
        <td>7:43:03 pm</td>
        <td>
          GET WebDriver instance
        </td>
      </tr>
      <tr class="event-row">
        <td><span class="badge log info-bg">Info</span></td>
        <td>7:43:03 pm</td>
        <td>
          All Cookies have been cleaned....
        </td>
      </tr>
      <tr class="event-row">
        <td><span class="badge log info-bg">Info</span></td>
        <td>7:43:14 pm</td>
        <td>
          Page navigates to https://uat-xolairhcp-core.gene.com/allergic-asthma/financial-support/tool/gpf-financial-eligibility.html
        </td>
      </tr>
      <tr class="event-row">
        <td><span class="badge log info-bg">Info</span></td>
        <td>7:43:28 pm</td>
        <td>
          GET WebDriver instance
        </td>
      </tr>
      <tr class="event-row">
        <td><span class="badge log info-bg">Info</span></td>
        <td>7:43:28 pm</td>
        <td>
          All Cookies have been cleaned....
        </td>
      </tr>
      <tr class="event-row">
        <td><span class="badge log info-bg">Info</span></td>
        <td>7:43:47 pm</td>
        <td>
          Page navigates to https://uat-xolairhcp-core.gene.com/allergic-asthma/financial-support/tool/gpf-financial-eligibility.html
        </td>
      </tr>
      <tr class="event-row">
        <td><span class="badge log info-bg">Info</span></td>
        <td>7:44:00 pm</td>
        <td>
          GET WebDriver instance
        </td>
      </tr>
      <tr class="event-row">
        <td><span class="badge log info-bg">Info</span></td>
        <td>7:44:00 pm</td>
        <td>
          All Cookies have been cleaned....
        </td>
      </tr>
      <tr class="event-row">
        <td><span class="badge log fail-bg">Fail</span></td>
        <td>7:44:12 pm</td>
        <td>
          org.openqa.selenium.WebDriverException: no such execution context
  (Session info: chrome=120.0.6099.130)
Build info: version: '4.14.1', revision: '03f8ede370'
System info: os.name: 'Windows 10', os.arch: 'amd64', os.version: '10.0', java.version: '19.0.1'
Driver info: org.openqa.selenium.chrome.ChromeDriver
Command: [ba1aae64bf8f70bf336d5ef9c412ab56, get {url=https://uat-xolairhcp-core.gene.com/allergic-asthma/financial-support/tool/gpf-financial-eligibility.html}]
Capabilities {acceptInsecureCerts: true, browserName: chrome, browserVersion: 120.0.6099.130, chrome: {chromedriverVersion: 120.0.6099.109 (3419140ab66..., userDataDir: C:\Users\VISHAK~1.KHE\AppDa...}, fedcm:accounts: true, goog:chromeOptions: {debuggerAddress: localhost:52227}, networkConnectionEnabled: false, pageLoadStrategy: normal, platformName: windows, proxy: Proxy(), se:cdp: ws://localhost:52227/devtoo..., se:cdpVersion: 120.0.6099.130, setWindowRect: true, strictFileInteractability: false, timeouts: {implicit: 0, pageLoad: 300000, script: 30000}, unhandledPromptBehavior: dismiss and notify, webauthn:extension:credBlob: true, webauthn:extension:largeBlob: true, webauthn:extension:minPinLength: true, webauthn:extension:prf: true, webauthn:virtualAuthenticators: true}
Session ID: ba1aae64bf8f70bf336d5ef9c412ab56
Screencast below: com.aventstack.extentreports.ExtentTest@3cd46491
        </td>
      </tr>
      <tr class="event-row">
        <td><span class="badge log info-bg">Info</span></td>
        <td>7:44:25 pm</td>
        <td>
          GET WebDriver instance
        </td>
      </tr>
      <tr class="event-row">
        <td><span class="badge log info-bg">Info</span></td>
        <td>7:44:25 pm</td>
        <td>
          All Cookies have been cleaned....
        </td>
      </tr>
      <tr class="event-row">
        <td><span class="badge log fail-bg">Fail</span></td>
        <td>7:44:37 pm</td>
        <td>
          org.openqa.selenium.WebDriverException: no such execution context
  (Session info: chrome=120.0.6099.130)
Build info: version: '4.14.1', revision: '03f8ede370'
System info: os.name: 'Windows 10', os.arch: 'amd64', os.version: '10.0', java.version: '19.0.1'
Driver info: org.openqa.selenium.chrome.ChromeDriver
Command: [ba1aae64bf8f70bf336d5ef9c412ab56, get {url=https://uat-xolairhcp-core.gene.com/allergic-asthma/financial-support/tool/gpf-financial-eligibility.html}]
Capabilities {acceptInsecureCerts: true, browserName: chrome, browserVersion: 120.0.6099.130, chrome: {chromedriverVersion: 120.0.6099.109 (3419140ab66..., userDataDir: C:\Users\VISHAK~1.KHE\AppDa...}, fedcm:accounts: true, goog:chromeOptions: {debuggerAddress: localhost:52227}, networkConnectionEnabled: false, pageLoadStrategy: normal, platformName: windows, proxy: Proxy(), se:cdp: ws://localhost:52227/devtoo..., se:cdpVersion: 120.0.6099.130, setWindowRect: true, strictFileInteractability: false, timeouts: {implicit: 0, pageLoad: 300000, script: 30000}, unhandledPromptBehavior: dismiss and notify, webauthn:extension:credBlob: true, webauthn:extension:largeBlob: true, webauthn:extension:minPinLength: true, webauthn:extension:prf: true, webauthn:virtualAuthenticators: true}
Session ID: ba1aae64bf8f70bf336d5ef9c412ab56
Screencast below: com.aventstack.extentreports.ExtentTest@3cd46491
        </td>
      </tr>
      <tr class="event-row">
        <td><span class="badge log info-bg">Info</span></td>
        <td>7:44:51 pm</td>
        <td>
          GET WebDriver instance
        </td>
      </tr>
      <tr class="event-row">
        <td><span class="badge log info-bg">Info</span></td>
        <td>7:44:51 pm</td>
        <td>
          All Cookies have been cleaned....
        </td>
      </tr>
      <tr class="event-row">
        <td><span class="badge log fail-bg">Fail</span></td>
        <td>7:45:06 pm</td>
        <td>
          org.openqa.selenium.WebDriverException: no such execution context
  (Session info: chrome=120.0.6099.130)
Build info: version: '4.14.1', revision: '03f8ede370'
System info: os.name: 'Windows 10', os.arch: 'amd64', os.version: '10.0', java.version: '19.0.1'
Driver info: org.openqa.selenium.chrome.ChromeDriver
Command: [ba1aae64bf8f70bf336d5ef9c412ab56, get {url=https://uat-xolairhcp-core.gene.com/allergic-asthma/financial-support/tool/gpf-financial-eligibility.html}]
Capabilities {acceptInsecureCerts: true, browserName: chrome, browserVersion: 120.0.6099.130, chrome: {chromedriverVersion: 120.0.6099.109 (3419140ab66..., userDataDir: C:\Users\VISHAK~1.KHE\AppDa...}, fedcm:accounts: true, goog:chromeOptions: {debuggerAddress: localhost:52227}, networkConnectionEnabled: false, pageLoadStrategy: normal, platformName: windows, proxy: Proxy(), se:cdp: ws://localhost:52227/devtoo..., se:cdpVersion: 120.0.6099.130, setWindowRect: true, strictFileInteractability: false, timeouts: {implicit: 0, pageLoad: 300000, script: 30000}, unhandledPromptBehavior: dismiss and notify, webauthn:extension:credBlob: true, webauthn:extension:largeBlob: true, webauthn:extension:minPinLength: true, webauthn:extension:prf: true, webauthn:virtualAuthenticators: true}
Session ID: ba1aae64bf8f70bf336d5ef9c412ab56
Screencast below: com.aventstack.extentreports.ExtentTest@3cd46491
        </td>
      </tr>
      <tr class="event-row">
        <td><span class="badge log info-bg">Info</span></td>
        <td>7:45:23 pm</td>
        <td>
          GET WebDriver instance
        </td>
      </tr>
      <tr class="event-row">
        <td><span class="badge log info-bg">Info</span></td>
        <td>7:45:23 pm</td>
        <td>
          All Cookies have been cleaned....
        </td>
      </tr>
      <tr class="event-row">
        <td><span class="badge log info-bg">Info</span></td>
        <td>7:45:43 pm</td>
        <td>
          Page navigates to https://uat-xolairhcp-core.gene.com/allergic-asthma/financial-support/tool/gpf-financial-eligibility.html
        </td>
      </tr>
      <tr class="event-row">
        <td><span class="badge log info-bg">Info</span></td>
        <td>7:45:57 pm</td>
        <td>
          GET WebDriver instance
        </td>
      </tr>
      <tr class="event-row">
        <td><span class="badge log info-bg">Info</span></td>
        <td>7:45:57 pm</td>
        <td>
          All Cookies have been cleaned....
        </td>
      </tr>
      <tr class="event-row">
        <td><span class="badge log fail-bg">Fail</span></td>
        <td>7:46:11 pm</td>
        <td>
          org.openqa.selenium.WebDriverException: no such execution context
  (Session info: chrome=120.0.6099.130)
Build info: version: '4.14.1', revision: '03f8ede370'
System info: os.name: 'Windows 10', os.arch: 'amd64', os.version: '10.0', java.version: '19.0.1'
Driver info: org.openqa.selenium.chrome.ChromeDriver
Command: [ba1aae64bf8f70bf336d5ef9c412ab56, get {url=https://uat-xolairhcp-core.gene.com/allergic-asthma/financial-support/tool/gpf-financial-eligibility.html}]
Capabilities {acceptInsecureCerts: true, browserName: chrome, browserVersion: 120.0.6099.130, chrome: {chromedriverVersion: 120.0.6099.109 (3419140ab66..., userDataDir: C:\Users\VISHAK~1.KHE\AppDa...}, fedcm:accounts: true, goog:chromeOptions: {debuggerAddress: localhost:52227}, networkConnectionEnabled: false, pageLoadStrategy: normal, platformName: windows, proxy: Proxy(), se:cdp: ws://localhost:52227/devtoo..., se:cdpVersion: 120.0.6099.130, setWindowRect: true, strictFileInteractability: false, timeouts: {implicit: 0, pageLoad: 300000, script: 30000}, unhandledPromptBehavior: dismiss and notify, webauthn:extension:credBlob: true, webauthn:extension:largeBlob: true, webauthn:extension:minPinLength: true, webauthn:extension:prf: true, webauthn:virtualAuthenticators: true}
Session ID: ba1aae64bf8f70bf336d5ef9c412ab56
Screencast below: com.aventstack.extentreports.ExtentTest@3cd46491
        </td>
      </tr>
      <tr class="event-row">
        <td><span class="badge log info-bg">Info</span></td>
        <td>7:46:28 pm</td>
        <td>
          GET WebDriver instance
        </td>
      </tr>
      <tr class="event-row">
        <td><span class="badge log info-bg">Info</span></td>
        <td>7:46:28 pm</td>
        <td>
          All Cookies have been cleaned....
        </td>
      </tr>
      <tr class="event-row">
        <td><span class="badge log fail-bg">Fail</span></td>
        <td>7:46:53 pm</td>
        <td>
          org.openqa.selenium.WebDriverException: no such execution context
  (Session info: chrome=120.0.6099.130)
Build info: version: '4.14.1', revision: '03f8ede370'
System info: os.name: 'Windows 10', os.arch: 'amd64', os.version: '10.0', java.version: '19.0.1'
Driver info: org.openqa.selenium.chrome.ChromeDriver
Command: [ba1aae64bf8f70bf336d5ef9c412ab56, get {url=https://uat-xolairhcp-core.gene.com/allergic-asthma/financial-support/tool/gpf-financial-eligibility.html}]
Capabilities {acceptInsecureCerts: true, browserName: chrome, browserVersion: 120.0.6099.130, chrome: {chromedriverVersion: 120.0.6099.109 (3419140ab66..., userDataDir: C:\Users\VISHAK~1.KHE\AppDa...}, fedcm:accounts: true, goog:chromeOptions: {debuggerAddress: localhost:52227}, networkConnectionEnabled: false, pageLoadStrategy: normal, platformName: windows, proxy: Proxy(), se:cdp: ws://localhost:52227/devtoo..., se:cdpVersion: 120.0.6099.130, setWindowRect: true, strictFileInteractability: false, timeouts: {implicit: 0, pageLoad: 300000, script: 30000}, unhandledPromptBehavior: dismiss and notify, webauthn:extension:credBlob: true, webauthn:extension:largeBlob: true, webauthn:extension:minPinLength: true, webauthn:extension:prf: true, webauthn:virtualAuthenticators: true}
Session ID: ba1aae64bf8f70bf336d5ef9c412ab56
Screencast below: com.aventstack.extentreports.ExtentTest@3cd46491
        </td>
      </tr>
      <tr class="event-row">
        <td><span class="badge log info-bg">Info</span></td>
        <td>7:47:32 pm</td>
        <td>
          GET WebDriver instance
        </td>
      </tr>
      <tr class="event-row">
        <td><span class="badge log info-bg">Info</span></td>
        <td>7:47:32 pm</td>
        <td>
          All Cookies have been cleaned....
        </td>
      </tr>
      <tr class="event-row">
        <td><span class="badge log info-bg">Info</span></td>
        <td>7:47:45 pm</td>
        <td>
          Page navigates to https://uat-xolairhcp-core.gene.com/allergic-asthma/financial-support/tool/gpf-financial-eligibility.html
        </td>
      </tr>
      <tr class="event-row">
        <td><span class="badge log info-bg">Info</span></td>
        <td>7:47:55 pm</td>
        <td>
          GET WebDriver instance
        </td>
      </tr>
      <tr class="event-row">
        <td><span class="badge log info-bg">Info</span></td>
        <td>7:47:55 pm</td>
        <td>
          All Cookies have been cleaned....
        </td>
      </tr>
  </tbody>
</table>
</div>
          </div>
        </li>
        <li class="test-item"  status="pass" test-id="4"
          author=""
          tag="HouseHoldIncomeVerification"
          device="">
          <div class="test-detail">
            <p class="name">chrome-HouseHoldIncomeVerification-addDataToOutputExcelFile</p>
            <p class="text-sm">
              <span>7:48:08 pm</span> / <span>00:00:00:002</span>
              <span class="badge pass-bg log float-right">Pass</span>
            </p>
          </div>
          <div class="test-contents d-none">
<div class="detail-head">
<div class="p-v-10">
<div class="info">
<h5 class="test-status text-pass">chrome-HouseHoldIncomeVerification-addDataToOutputExcelFile</h5>
<span class='badge badge-success'>01.05.2024 7:48:08 pm</span>
<span class='badge badge-danger'>01.05.2024 7:48:08 pm</span>
<span class='badge badge-default'>00:00:00:002</span>
&middot; <span class='uri-anchor badge badge-default'>#test-id=4</span>
<span class='badge badge-default pointer float-right ml-1 et'><i class="fa fa-chevron-down"></i></span>
<span class='badge badge-default pointer float-right ct'><i class="fa fa-chevron-up"></i></span>
</div>
<div class="m-t-15"><span class="badge badge-pill badge-default">HouseHoldIncomeVerification</span></div>
<div class="m-t-10 m-l-5">The Extent Report for:HouseHoldIncomeVerification</div>
</div>
</div><div class="detail-body mt-4">
<table class="table table-sm">
  <thead><tr><th class="status-col">Status</th><th class="timestamp-col">Timestamp</th><th class="details-col">Details</th></tr></thead>
  <tbody>
      <tr class="event-row">
        <td><span class="badge log info-bg">Info</span></td>
        <td>7:48:08 pm</td>
        <td>
          Test Started!
        </td>
      </tr>
      <tr class="event-row">
        <td><span class="badge log info-bg">Info</span></td>
        <td>7:48:08 pm</td>
        <td>
          GET WebDriver instance
        </td>
      </tr>
  </tbody>
</table>
</div>
          </div>
        </li>
      </ul>
    </div>
  </div>
<div class="test-content scrollable">
<div class="test-content-tools">
<ul><li><a class="back-to-test" href="#"><i class="fa fa-arrow-left"></i></a></li></ul>
</div>
<div class="test-content-detail"><div class="detail-body"></div></div>
</div></div>
<div class="test-wrapper row view category-view attributes-view">
<div class="test-list">
<div class="test-list-tools">
<ul class="tools pull-left"><li><a href=""><span class="font-size-14">Category</span></a></li></ul>
<ul class="tools text-right"><li><a href="#"><span class="badge badge-primary">1</span></a></li></ul>
</div>
<div class="test-list-wrapper scrollable">
<ul class="test-list-item">
<li class="test-item">
<div class="test-detail">
<span class="meta">
<span class='badge log pass-bg'>3</span>
<span class='badge log badge-danger'>1</span>
</span>
<p class="name">HouseHoldIncomeVerification</p>
<p class="duration text-sm">4 tests</p>
</div>
<div class="test-contents d-none">
<div class="info">
<h4>HouseHoldIncomeVerification</h4>
<span status="pass" class='badge log pass-bg'>3 passed</span>
<span status="fail" class='badge log badge-danger'>1 failed</span>
</div>
<table class='table table-sm mt-4'>
<thead>
<tr>
<th class="status-col">Status</th>
<th class="timestamp-col">Timestamp</th>
<th>TestName</th>
</tr>
</thead>
<tbody>
<tr class="tag-test-status" status="pass">
<td><span class="badge log pass-bg">Pass</span></td>
<td>19:16:56 pm</td>
<td>
<a href="#" class="linked" test-id='1' id='1'>chrome-HouseHoldIncomeVerification-getInputExcelSheetData</a>
</td>
</tr>
<tr class="tag-test-status" status="pass">
<td><span class="badge log pass-bg">Pass</span></td>
<td>19:16:56 pm</td>
<td>
<a href="#" class="linked" test-id='2' id='2'>chrome-HouseHoldIncomeVerification-loginToEnvironment</a>
</td>
</tr>
<tr class="tag-test-status" status="fail">
<td><span class="badge log fail-bg">Fail</span></td>
<td>19:17:41 pm</td>
<td>
<a href="#" class="linked" test-id='3' id='3'>chrome-HouseHoldIncomeVerification-verifyJsonValues</a>
</td>
</tr>
<tr class="tag-test-status" status="pass">
<td><span class="badge log pass-bg">Pass</span></td>
<td>19:48:08 pm</td>
<td>
<a href="#" class="linked" test-id='4' id='4'>chrome-HouseHoldIncomeVerification-addDataToOutputExcelFile</a>
</td>
</tr>
</tbody>
</table>
</div>
</li>
</ul>
</div>
</div>
<div class="test-content scrollable">
<div class="test-content-detail">
<div class="detail-body"></div>
</div>
</div>
</div><div class="container-fluid p-4 view dashboard-view">
<div class="row">
<div class="col-md-3">
<div class="card"><div class="card-body">
<p class="m-b-0">Started</p>
<h3>Jan 5, 2024 07:16:56 pm</h3>
</div></div>
</div>
<div class="col-md-3">
<div class="card"><div class="card-body">
<p class="m-b-0">Ended</p>
<h3>Jan 5, 2024 07:48:08 pm</h3>
</div></div>
</div>
<div class="col-md-3">
<div class="card"><div class="card-body">
<p class="m-b-0 text-pass">Tests Passed</p>
<h3>3</h3>
</div></div>
</div>
<div class="col-md-3">
<div class="card"><div class="card-body">
<p class="m-b-0 text-fail">Tests Failed</p>
<h3>1</h3>
</div></div>
</div>
</div>
<div class="row">
<div class="col-md-6">
<div class="card">
<div class="card-header">
<h6 class="card-title">Tests</h6>
</div>
<div class="card-body">
<div class="">
<canvas id='parent-analysis' width='115' height='90'></canvas>
</div>
</div>
<div class="card-footer">
<div><small data-tooltip='75%'>
<b>3</b> tests passed
</small>
</div>
<div>
<small data-tooltip='25%'><b>1</b> tests failed,
<b>0</b> skipped, <b data-tooltip='0%'>0</b> others
</small>
</div>
</div>
</div>
</div>
<div class="col-md-6">
<div class="card">
<div class="card-header">
<h6 class="card-title">Log events</h6>
</div>
<div class="card-body">
<div class="">
<canvas id='events-analysis' width='115' height='90'></canvas>
</div>
</div>
<div class="card-footer">
<div><small data-tooltip='3%'><b>9</b> events passed</small></div>
<div>
<small data-tooltip='18%'><b>45</b> events failed,
<b data-tooltip='%'>187</b> others
</small>
</div>
</div>
</div>
</div>
</div>
<div class="row"><div class="col-md-12">
<div class="card"><div class="card-header"><p>Timeline</p></div>
<div class="card-body pt-0"><div>
<canvas id="timeline" height="120"></canvas>
</div></div>
</div>
</div></div>
<script>
var timeline = {
"chrome-HouseHoldIncomeVerification-getInputExcelSheetData":0.529,"chrome-HouseHoldIncomeVerification-loginToEnvironment":32.361,"chrome-HouseHoldIncomeVerification-verifyJsonValues":1814.162,"chrome-HouseHoldIncomeVerification-addDataToOutputExcelFile":0.002
};
</script>
<div class="row">
<div class="col-lg-6 col-md-12 category-container">
<div class="card">
<div class="card-header"><p>Tags</p></div>
<div class="card-body pb-0 pt-0"><table class="table table-sm table-bordered">
<thead><tr class="bg-gray"><th>Name</th><th>Passed</th><th>Failed</th><th>Skipped</th><th>Others</th><th>Passed %</th></tr></thead><tbody>
<tr>
<td>HouseHoldIncomeVerification</td>
<td>3</td>
<td>1</td>
<td>0</td>
<td>0</td>
<td>75%</td>
</tr>
</tbody>
</table></div>
</div>
</div>
</div>
</div>
<script>
var statusGroup = {
parentCount: 5,
passParent: 3,
failParent: 1,
warningParent: 0,
skipParent: 0,
childCount: 5,
passChild: 0,
failChild: 0,
warningChild: 0,
skipChild: 0,
infoChild: 0,
grandChildCount: 5,
passGrandChild: 0,
failGrandChild: 0,
warningGrandChild: 0,
skipGrandChild: 0,
infoGrandChild: 0,
eventsCount: 5,
passEvents: 9,
failEvents: 45,
warningEvents: 0,
skipEvents: 0,
infoEvents: 187
};
</script>        </div>
      </div>
    </div>
  </div>
<script src="https://cdn.jsdelivr.net/gh/extent-framework/extent-github-cdn@d6562a79075e061305ccfdb82f01e5e195e2d307/spark/js/spark-script.js"></script>
<script type="text/javascript"></script></body>
</html>